

Started GET "/assets/rails.png" for 10.0.2.2 at 2013-03-13 13:43:44 +0100
Connecting to database specified by database.yml
Served asset /rails.png - 200 OK (93ms)


Started GET "/assets/rails.png" for 10.0.2.2 at 2013-03-13 13:45:43 +0100
Served asset /rails.png - 304 Not Modified (1ms)


Started GET "/static_pages/home" for 10.0.2.2 at 2013-03-13 13:51:24 +0100
Processing by StaticPagesController#home as HTML
  Rendered static_pages/home.html.erb within layouts/application (22.1ms)
Compiled static_pages.css  (83ms)  (pid 4935)
Compiled application.css  (173ms)  (pid 4935)
Compiled jquery.js  (2ms)  (pid 4935)
Compiled jquery_ujs.js  (0ms)  (pid 4935)
Compiled static_pages.js  (743ms)  (pid 4935)
Compiled application.js  (1143ms)  (pid 4935)
Completed 200 OK in 2070ms (Views: 2069.1ms | ActiveRecord: 0.0ms)


Started GET "/assets/application.css?body=1" for 10.0.2.2 at 2013-03-13 13:51:26 +0100
Served asset /application.css - 200 OK (27ms)


Started GET "/assets/static_pages.js?body=1" for 10.0.2.2 at 2013-03-13 13:51:26 +0100
Served asset /static_pages.js - 200 OK (14ms)


Started GET "/assets/application.js?body=1" for 10.0.2.2 at 2013-03-13 13:51:26 +0100
Served asset /application.js - 200 OK (70ms)


Started GET "/assets/jquery_ujs.js?body=1" for 10.0.2.2 at 2013-03-13 13:51:26 +0100
Served asset /jquery_ujs.js - 200 OK (26ms)


Started GET "/assets/static_pages.css?body=1" for 10.0.2.2 at 2013-03-13 13:51:26 +0100
Served asset /static_pages.css - 200 OK (18ms)


Started GET "/assets/jquery.js?body=1" for 10.0.2.2 at 2013-03-13 13:51:26 +0100
Served asset /jquery.js - 200 OK (31ms)
Connecting to database specified by database.yml


Started GET "/static_pages/about" for 10.0.2.2 at 2013-03-13 14:10:06 +0100
Processing by StaticPagesController#about as HTML
  Rendered static_pages/about.html.erb within layouts/application (0.6ms)
Completed 200 OK in 77ms (Views: 76.1ms | ActiveRecord: 0.0ms)


Started GET "/assets/application.css?body=1" for 10.0.2.2 at 2013-03-13 14:10:06 +0100
Served asset /application.css - 304 Not Modified (2ms)


Started GET "/assets/application.js?body=1" for 10.0.2.2 at 2013-03-13 14:10:06 +0100
Served asset /application.js - 304 Not Modified (4ms)


Started GET "/assets/jquery_ujs.js?body=1" for 10.0.2.2 at 2013-03-13 14:10:06 +0100
Served asset /jquery_ujs.js - 304 Not Modified (1ms)


Started GET "/assets/static_pages.js?body=1" for 10.0.2.2 at 2013-03-13 14:10:06 +0100
Served asset /static_pages.js - 304 Not Modified (0ms)


Started GET "/assets/jquery.js?body=1" for 10.0.2.2 at 2013-03-13 14:10:06 +0100
Served asset /jquery.js - 304 Not Modified (1ms)


Started GET "/assets/static_pages.css?body=1" for 10.0.2.2 at 2013-03-13 14:10:06 +0100
Served asset /static_pages.css - 304 Not Modified (1ms)


Started GET "/static_pages/about" for 10.0.2.2 at 2013-03-13 14:35:10 +0100
Processing by StaticPagesController#about as HTML
  Rendered static_pages/about.html.erb within layouts/application (0.6ms)
Completed 200 OK in 77ms (Views: 76.7ms | ActiveRecord: 0.0ms)


Started GET "/assets/application.css?body=1" for 10.0.2.2 at 2013-03-13 14:35:11 +0100
Served asset /application.css - 304 Not Modified (2ms)


Started GET "/assets/static_pages.js?body=1" for 10.0.2.2 at 2013-03-13 14:35:11 +0100
Served asset /static_pages.js - 304 Not Modified (1ms)


Started GET "/assets/jquery_ujs.js?body=1" for 10.0.2.2 at 2013-03-13 14:35:11 +0100
Served asset /jquery_ujs.js - 304 Not Modified (0ms)


Started GET "/assets/jquery.js?body=1" for 10.0.2.2 at 2013-03-13 14:35:11 +0100
Served asset /jquery.js - 304 Not Modified (1ms)


Started GET "/assets/application.js?body=1" for 10.0.2.2 at 2013-03-13 14:35:11 +0100
Served asset /application.js - 304 Not Modified (3ms)


Started GET "/assets/static_pages.css?body=1" for 10.0.2.2 at 2013-03-13 14:35:11 +0100
Served asset /static_pages.css - 304 Not Modified (1ms)


Started GET "/static_pages/home" for 10.0.2.2 at 2013-03-13 14:35:15 +0100
Processing by StaticPagesController#home as HTML
  Rendered static_pages/home.html.erb within layouts/application (0.6ms)
Completed 200 OK in 81ms (Views: 79.9ms | ActiveRecord: 0.0ms)


Started GET "/assets/application.js?body=1" for 10.0.2.2 at 2013-03-13 14:35:16 +0100
Served asset /application.js - 304 Not Modified (4ms)


Started GET "/assets/static_pages.js?body=1" for 10.0.2.2 at 2013-03-13 14:35:16 +0100
Served asset /static_pages.js - 304 Not Modified (1ms)


Started GET "/assets/jquery_ujs.js?body=1" for 10.0.2.2 at 2013-03-13 14:35:16 +0100
Served asset /jquery_ujs.js - 304 Not Modified (0ms)


Started GET "/assets/jquery.js?body=1" for 10.0.2.2 at 2013-03-13 14:35:16 +0100
Served asset /jquery.js - 304 Not Modified (2ms)


Started GET "/assets/application.css?body=1" for 10.0.2.2 at 2013-03-13 14:35:16 +0100
Served asset /application.css - 304 Not Modified (2ms)


Started GET "/assets/static_pages.css?body=1" for 10.0.2.2 at 2013-03-13 14:35:16 +0100
Served asset /static_pages.css - 304 Not Modified (0ms)


Started GET "/static_pages/contact" for 10.0.2.2 at 2013-03-13 14:35:20 +0100

ActionController::RoutingError (No route matches [GET] "/static_pages/contact"):
  actionpack (3.2.12) lib/action_dispatch/middleware/debug_exceptions.rb:21:in `call'
  actionpack (3.2.12) lib/action_dispatch/middleware/show_exceptions.rb:56:in `call'
  railties (3.2.12) lib/rails/rack/logger.rb:32:in `call_app'
  railties (3.2.12) lib/rails/rack/logger.rb:16:in `block in call'
  activesupport (3.2.12) lib/active_support/tagged_logging.rb:22:in `tagged'
  railties (3.2.12) lib/rails/rack/logger.rb:16:in `call'
  actionpack (3.2.12) lib/action_dispatch/middleware/request_id.rb:22:in `call'
  rack (1.4.5) lib/rack/methodoverride.rb:21:in `call'
  rack (1.4.5) lib/rack/runtime.rb:17:in `call'
  activesupport (3.2.12) lib/active_support/cache/strategy/local_cache.rb:72:in `call'
  rack (1.4.5) lib/rack/lock.rb:15:in `call'
  actionpack (3.2.12) lib/action_dispatch/middleware/static.rb:62:in `call'
  railties (3.2.12) lib/rails/engine.rb:479:in `call'
  railties (3.2.12) lib/rails/application.rb:223:in `call'
  rack (1.4.5) lib/rack/content_length.rb:14:in `call'
  railties (3.2.12) lib/rails/rack/log_tailer.rb:17:in `call'
  rack (1.4.5) lib/rack/handler/webrick.rb:59:in `service'
  /home/alu3958/.rvm/rubies/ruby-1.9.3-p385/lib/ruby/1.9.1/webrick/httpserver.rb:138:in `service'
  /home/alu3958/.rvm/rubies/ruby-1.9.3-p385/lib/ruby/1.9.1/webrick/httpserver.rb:94:in `run'
  /home/alu3958/.rvm/rubies/ruby-1.9.3-p385/lib/ruby/1.9.1/webrick/server.rb:191:in `block in start_thread'


  Rendered /home/alu3958/.rvm/gems/ruby-1.9.3-p385/gems/actionpack-3.2.12/lib/action_dispatch/middleware/templates/rescues/routing_error.erb within rescues/layout (0.8ms)


Started GET "/static_pages/" for 10.0.2.2 at 2013-03-13 14:44:07 +0100

ActionController::RoutingError (No route matches [GET] "/static_pages"):
  actionpack (3.2.12) lib/action_dispatch/middleware/debug_exceptions.rb:21:in `call'
  actionpack (3.2.12) lib/action_dispatch/middleware/show_exceptions.rb:56:in `call'
  railties (3.2.12) lib/rails/rack/logger.rb:32:in `call_app'
  railties (3.2.12) lib/rails/rack/logger.rb:16:in `block in call'
  activesupport (3.2.12) lib/active_support/tagged_logging.rb:22:in `tagged'
  railties (3.2.12) lib/rails/rack/logger.rb:16:in `call'
  actionpack (3.2.12) lib/action_dispatch/middleware/request_id.rb:22:in `call'
  rack (1.4.5) lib/rack/methodoverride.rb:21:in `call'
  rack (1.4.5) lib/rack/runtime.rb:17:in `call'
  activesupport (3.2.12) lib/active_support/cache/strategy/local_cache.rb:72:in `call'
  rack (1.4.5) lib/rack/lock.rb:15:in `call'
  actionpack (3.2.12) lib/action_dispatch/middleware/static.rb:62:in `call'
  railties (3.2.12) lib/rails/engine.rb:479:in `call'
  railties (3.2.12) lib/rails/application.rb:223:in `call'
  rack (1.4.5) lib/rack/content_length.rb:14:in `call'
  railties (3.2.12) lib/rails/rack/log_tailer.rb:17:in `call'
  rack (1.4.5) lib/rack/handler/webrick.rb:59:in `service'
  /home/alu3958/.rvm/rubies/ruby-1.9.3-p385/lib/ruby/1.9.1/webrick/httpserver.rb:138:in `service'
  /home/alu3958/.rvm/rubies/ruby-1.9.3-p385/lib/ruby/1.9.1/webrick/httpserver.rb:94:in `run'
  /home/alu3958/.rvm/rubies/ruby-1.9.3-p385/lib/ruby/1.9.1/webrick/server.rb:191:in `block in start_thread'


  Rendered /home/alu3958/.rvm/gems/ruby-1.9.3-p385/gems/actionpack-3.2.12/lib/action_dispatch/middleware/templates/rescues/routing_error.erb within rescues/layout (1.0ms)


Started GET "/static_pages/home" for 10.0.2.2 at 2013-03-13 14:44:10 +0100
Processing by StaticPagesController#home as HTML
  Rendered static_pages/home.html.erb within layouts/application (0.6ms)
Completed 200 OK in 103ms (Views: 103.3ms | ActiveRecord: 0.0ms)


Started GET "/assets/static_pages.js?body=1" for 10.0.2.2 at 2013-03-13 14:44:10 +0100
Served asset /static_pages.js - 304 Not Modified (4ms)


Started GET "/assets/application.js?body=1" for 10.0.2.2 at 2013-03-13 14:44:10 +0100
Served asset /application.js - 304 Not Modified (13ms)


Started GET "/assets/jquery.js?body=1" for 10.0.2.2 at 2013-03-13 14:44:10 +0100
Served asset /jquery.js - 304 Not Modified (1ms)


Started GET "/assets/jquery_ujs.js?body=1" for 10.0.2.2 at 2013-03-13 14:44:10 +0100
Served asset /jquery_ujs.js - 304 Not Modified (0ms)


Started GET "/assets/static_pages.css?body=1" for 10.0.2.2 at 2013-03-13 14:44:10 +0100
Served asset /static_pages.css - 304 Not Modified (5ms)


Started GET "/assets/application.css?body=1" for 10.0.2.2 at 2013-03-13 14:44:10 +0100
Served asset /application.css - 304 Not Modified (10ms)


Started GET "/static_pages/help" for 10.0.2.2 at 2013-03-13 14:49:03 +0100
Processing by StaticPagesController#help as HTML
  Rendered static_pages/help.html.erb within layouts/application (0.6ms)
Completed 200 OK in 102ms (Views: 101.6ms | ActiveRecord: 0.0ms)


Started GET "/assets/application.css?body=1" for 10.0.2.2 at 2013-03-13 14:49:03 +0100
Served asset /application.css - 304 Not Modified (10ms)


Started GET "/assets/application.js?body=1" for 10.0.2.2 at 2013-03-13 14:49:03 +0100
Served asset /application.js - 304 Not Modified (12ms)


Started GET "/assets/static_pages.js?body=1" for 10.0.2.2 at 2013-03-13 14:49:04 +0100
Served asset /static_pages.js - 304 Not Modified (4ms)


Started GET "/assets/jquery_ujs.js?body=1" for 10.0.2.2 at 2013-03-13 14:49:04 +0100
Served asset /jquery_ujs.js - 304 Not Modified (0ms)


Started GET "/assets/jquery.js?body=1" for 10.0.2.2 at 2013-03-13 14:49:04 +0100
Served asset /jquery.js - 304 Not Modified (1ms)


Started GET "/assets/static_pages.css?body=1" for 10.0.2.2 at 2013-03-13 14:49:04 +0100
Served asset /static_pages.css - 304 Not Modified (4ms)


Started GET "/static_pages/about" for 10.0.2.2 at 2013-03-13 14:49:13 +0100
Processing by StaticPagesController#about as HTML
  Rendered static_pages/about.html.erb within layouts/application (0.6ms)
Completed 200 OK in 93ms (Views: 93.0ms | ActiveRecord: 0.0ms)


Started GET "/assets/static_pages.js?body=1" for 10.0.2.2 at 2013-03-13 14:49:13 +0100
Served asset /static_pages.js - 304 Not Modified (4ms)


Started GET "/assets/application.js?body=1" for 10.0.2.2 at 2013-03-13 14:49:13 +0100
Served asset /application.js - 304 Not Modified (10ms)


Started GET "/assets/jquery.js?body=1" for 10.0.2.2 at 2013-03-13 14:49:14 +0100
Served asset /jquery.js - 304 Not Modified (1ms)


Started GET "/assets/jquery_ujs.js?body=1" for 10.0.2.2 at 2013-03-13 14:49:14 +0100
Served asset /jquery_ujs.js - 304 Not Modified (1ms)


Started GET "/assets/static_pages.css?body=1" for 10.0.2.2 at 2013-03-13 14:49:14 +0100
Served asset /static_pages.css - 304 Not Modified (3ms)


Started GET "/assets/application.css?body=1" for 10.0.2.2 at 2013-03-13 14:49:14 +0100
Served asset /application.css - 304 Not Modified (10ms)


Started GET "/assets/rails.png" for 10.0.2.2 at 2013-04-04 13:32:36 +0200
Connecting to database specified by database.yml
Served asset /rails.png - 304 Not Modified (44ms)


Started GET "/home" for 10.0.2.2 at 2013-04-04 13:32:39 +0200

ActionController::RoutingError (No route matches [GET] "/home"):
  actionpack (3.2.12) lib/action_dispatch/middleware/debug_exceptions.rb:21:in `call'
  actionpack (3.2.12) lib/action_dispatch/middleware/show_exceptions.rb:56:in `call'
  railties (3.2.12) lib/rails/rack/logger.rb:32:in `call_app'
  railties (3.2.12) lib/rails/rack/logger.rb:16:in `block in call'
  activesupport (3.2.12) lib/active_support/tagged_logging.rb:22:in `tagged'
  railties (3.2.12) lib/rails/rack/logger.rb:16:in `call'
  actionpack (3.2.12) lib/action_dispatch/middleware/request_id.rb:22:in `call'
  rack (1.4.5) lib/rack/methodoverride.rb:21:in `call'
  rack (1.4.5) lib/rack/runtime.rb:17:in `call'
  activesupport (3.2.12) lib/active_support/cache/strategy/local_cache.rb:72:in `call'
  rack (1.4.5) lib/rack/lock.rb:15:in `call'
  actionpack (3.2.12) lib/action_dispatch/middleware/static.rb:62:in `call'
  railties (3.2.12) lib/rails/engine.rb:479:in `call'
  railties (3.2.12) lib/rails/application.rb:223:in `call'
  rack (1.4.5) lib/rack/content_length.rb:14:in `call'
  railties (3.2.12) lib/rails/rack/log_tailer.rb:17:in `call'
  rack (1.4.5) lib/rack/handler/webrick.rb:59:in `service'
  /home/alu3958/.rvm/rubies/ruby-1.9.3-p385/lib/ruby/1.9.1/webrick/httpserver.rb:138:in `service'
  /home/alu3958/.rvm/rubies/ruby-1.9.3-p385/lib/ruby/1.9.1/webrick/httpserver.rb:94:in `run'
  /home/alu3958/.rvm/rubies/ruby-1.9.3-p385/lib/ruby/1.9.1/webrick/server.rb:191:in `block in start_thread'


  Rendered /home/alu3958/.rvm/gems/ruby-1.9.3-p385/gems/actionpack-3.2.12/lib/action_dispatch/middleware/templates/rescues/routing_error.erb within rescues/layout (11.5ms)


Started GET "/static_pages/home" for 10.0.2.2 at 2013-04-04 13:33:21 +0200
Connecting to database specified by database.yml
Processing by StaticPagesController#home as HTML
  Rendered static_pages/home.html.erb within layouts/application (16.4ms)
Completed 200 OK in 598ms (Views: 597.5ms | ActiveRecord: 0.0ms)


Started GET "/assets/application.css?body=1" for 10.0.2.2 at 2013-04-04 13:33:23 +0200
Served asset /application.css - 200 OK (37ms)


Started GET "/assets/application.js?body=1" for 10.0.2.2 at 2013-04-04 13:33:23 +0200
Served asset /application.js - 200 OK (67ms)


Started GET "/assets/jquery_ujs.js?body=1" for 10.0.2.2 at 2013-04-04 13:33:24 +0200
Served asset /jquery_ujs.js - 200 OK (35ms)


Started GET "/assets/static_pages.js?body=1" for 10.0.2.2 at 2013-04-04 13:33:24 +0200
Served asset /static_pages.js - 200 OK (25ms)


Started GET "/assets/static_pages.css?body=1" for 10.0.2.2 at 2013-04-04 13:33:24 +0200
Served asset /static_pages.css - 200 OK (30ms)


Started GET "/assets/jquery.js?body=1" for 10.0.2.2 at 2013-04-04 13:33:24 +0200
Served asset /jquery.js - 200 OK (43ms)


Started GET "/static_pages/about" for 10.0.2.2 at 2013-04-04 13:33:29 +0200
Processing by StaticPagesController#about as HTML
  Rendered static_pages/about.html.erb within layouts/application (2.1ms)
Completed 200 OK in 258ms (Views: 255.8ms | ActiveRecord: 0.0ms)


Started GET "/assets/application.css?body=1" for 10.0.2.2 at 2013-04-04 13:33:30 +0200
Served asset /application.css - 304 Not Modified (11ms)


Started GET "/assets/jquery_ujs.js?body=1" for 10.0.2.2 at 2013-04-04 13:33:30 +0200
Served asset /jquery_ujs.js - 304 Not Modified (1ms)


Started GET "/assets/jquery.js?body=1" for 10.0.2.2 at 2013-04-04 13:33:30 +0200
Served asset /jquery.js - 304 Not Modified (3ms)


Started GET "/assets/static_pages.js?body=1" for 10.0.2.2 at 2013-04-04 13:33:30 +0200
Served asset /static_pages.js - 304 Not Modified (8ms)


Started GET "/assets/application.js?body=1" for 10.0.2.2 at 2013-04-04 13:33:30 +0200
Served asset /application.js - 304 Not Modified (18ms)


Started GET "/assets/static_pages.css?body=1" for 10.0.2.2 at 2013-04-04 13:33:30 +0200
Served asset /static_pages.css - 304 Not Modified (8ms)


Started GET "/static_pages/about" for 10.0.2.2 at 2013-04-04 13:37:11 +0200
Connecting to database specified by database.yml
Processing by StaticPagesController#about as HTML
  Rendered static_pages/about.html.erb within layouts/application (13.3ms)
Completed 200 OK in 414ms (Views: 413.0ms | ActiveRecord: 0.0ms)


Started GET "/assets/application.css?body=1" for 10.0.2.2 at 2013-04-04 13:37:13 +0200
Served asset /application.css - 304 Not Modified (42ms)


Started GET "/assets/application.js?body=1" for 10.0.2.2 at 2013-04-04 13:37:13 +0200
Served asset /application.js - 304 Not Modified (66ms)


Started GET "/assets/jquery_ujs.js?body=1" for 10.0.2.2 at 2013-04-04 13:37:13 +0200
Served asset /jquery_ujs.js - 304 Not Modified (37ms)


Started GET "/assets/static_pages.js?body=1" for 10.0.2.2 at 2013-04-04 13:37:14 +0200
Served asset /static_pages.js - 304 Not Modified (25ms)


Started GET "/assets/jquery.js?body=1" for 10.0.2.2 at 2013-04-04 13:37:14 +0200
Served asset /jquery.js - 304 Not Modified (44ms)


Started GET "/assets/static_pages.css?body=1" for 10.0.2.2 at 2013-04-04 13:37:14 +0200
Served asset /static_pages.css - 304 Not Modified (33ms)


Started GET "/static_pages/home" for 10.0.2.2 at 2013-04-04 13:37:18 +0200
Processing by StaticPagesController#home as HTML
  Rendered static_pages/home.html.erb within layouts/application (2.7ms)
Completed 200 OK in 268ms (Views: 265.7ms | ActiveRecord: 0.0ms)


Started GET "/assets/application.css?body=1" for 10.0.2.2 at 2013-04-04 13:37:18 +0200
Served asset /application.css - 304 Not Modified (18ms)


Started GET "/assets/application.js?body=1" for 10.0.2.2 at 2013-04-04 13:37:18 +0200
Served asset /application.js - 304 Not Modified (24ms)


Started GET "/assets/static_pages.css?body=1" for 10.0.2.2 at 2013-04-04 13:37:18 +0200
Served asset /static_pages.css - 304 Not Modified (8ms)


Started GET "/assets/static_pages.js?body=1" for 10.0.2.2 at 2013-04-04 13:37:19 +0200
Served asset /static_pages.js - 304 Not Modified (8ms)


Started GET "/assets/jquery.js?body=1" for 10.0.2.2 at 2013-04-04 13:37:19 +0200
Served asset /jquery.js - 304 Not Modified (3ms)


Started GET "/assets/jquery_ujs.js?body=1" for 10.0.2.2 at 2013-04-04 13:37:19 +0200
Served asset /jquery_ujs.js - 304 Not Modified (3ms)


Started GET "/static_pages/home" for 10.0.2.2 at 2013-04-04 13:40:19 +0200
Connecting to database specified by database.yml
Processing by StaticPagesController#home as HTML
  Rendered static_pages/home.html.erb within layouts/application (13.6ms)
Completed 200 OK in 401ms (Views: 399.7ms | ActiveRecord: 0.0ms)


Started GET "/assets/application.css?body=1" for 10.0.2.2 at 2013-04-04 13:40:22 +0200
Served asset /application.css - 304 Not Modified (48ms)


Started GET "/assets/jquery.js?body=1" for 10.0.2.2 at 2013-04-04 13:40:22 +0200
Served asset /jquery.js - 304 Not Modified (43ms)


Started GET "/assets/application.js?body=1" for 10.0.2.2 at 2013-04-04 13:40:22 +0200
Served asset /application.js - 304 Not Modified (68ms)


Started GET "/assets/jquery_ujs.js?body=1" for 10.0.2.2 at 2013-04-04 13:40:22 +0200
Served asset /jquery_ujs.js - 304 Not Modified (49ms)


Started GET "/assets/static_pages.js?body=1" for 10.0.2.2 at 2013-04-04 13:40:22 +0200
Served asset /static_pages.js - 304 Not Modified (25ms)


Started GET "/assets/static_pages.css?body=1" for 10.0.2.2 at 2013-04-04 13:40:22 +0200
Served asset /static_pages.css - 304 Not Modified (32ms)


Started GET "/static_pages/pepe" for 10.0.2.2 at 2013-04-04 13:40:29 +0200

ActionController::RoutingError (No route matches [GET] "/static_pages/pepe"):
  actionpack (3.2.12) lib/action_dispatch/middleware/debug_exceptions.rb:21:in `call'
  actionpack (3.2.12) lib/action_dispatch/middleware/show_exceptions.rb:56:in `call'
  railties (3.2.12) lib/rails/rack/logger.rb:32:in `call_app'
  railties (3.2.12) lib/rails/rack/logger.rb:16:in `block in call'
  activesupport (3.2.12) lib/active_support/tagged_logging.rb:22:in `tagged'
  railties (3.2.12) lib/rails/rack/logger.rb:16:in `call'
  actionpack (3.2.12) lib/action_dispatch/middleware/request_id.rb:22:in `call'
  rack (1.4.5) lib/rack/methodoverride.rb:21:in `call'
  rack (1.4.5) lib/rack/runtime.rb:17:in `call'
  activesupport (3.2.12) lib/active_support/cache/strategy/local_cache.rb:72:in `call'
  rack (1.4.5) lib/rack/lock.rb:15:in `call'
  actionpack (3.2.12) lib/action_dispatch/middleware/static.rb:62:in `call'
  railties (3.2.12) lib/rails/engine.rb:479:in `call'
  railties (3.2.12) lib/rails/application.rb:223:in `call'
  rack (1.4.5) lib/rack/content_length.rb:14:in `call'
  railties (3.2.12) lib/rails/rack/log_tailer.rb:17:in `call'
  rack (1.4.5) lib/rack/handler/webrick.rb:59:in `service'
  /home/alu3958/.rvm/rubies/ruby-1.9.3-p385/lib/ruby/1.9.1/webrick/httpserver.rb:138:in `service'
  /home/alu3958/.rvm/rubies/ruby-1.9.3-p385/lib/ruby/1.9.1/webrick/httpserver.rb:94:in `run'
  /home/alu3958/.rvm/rubies/ruby-1.9.3-p385/lib/ruby/1.9.1/webrick/server.rb:191:in `block in start_thread'


  Rendered /home/alu3958/.rvm/gems/ruby-1.9.3-p385/gems/actionpack-3.2.12/lib/action_dispatch/middleware/templates/rescues/routing_error.erb within rescues/layout (3.0ms)


Started GET "/static_pages/home" for 10.0.2.2 at 2013-04-04 13:40:35 +0200
Processing by StaticPagesController#home as HTML
  Rendered static_pages/home.html.erb within layouts/application (0.2ms)
Completed 200 OK in 201ms (Views: 200.7ms | ActiveRecord: 0.0ms)


Started GET "/assets/application.js?body=1" for 10.0.2.2 at 2013-04-04 13:40:35 +0200
Served asset /application.js - 304 Not Modified (21ms)


Started GET "/assets/jquery_ujs.js?body=1" for 10.0.2.2 at 2013-04-04 13:40:35 +0200
Served asset /jquery_ujs.js - 304 Not Modified (2ms)


Started GET "/assets/jquery.js?body=1" for 10.0.2.2 at 2013-04-04 13:40:36 +0200
Served asset /jquery.js - 304 Not Modified (3ms)


Started GET "/assets/static_pages.css?body=1" for 10.0.2.2 at 2013-04-04 13:40:36 +0200
Served asset /static_pages.css - 304 Not Modified (10ms)


Started GET "/assets/static_pages.js?body=1" for 10.0.2.2 at 2013-04-04 13:40:36 +0200
Served asset /static_pages.js - 304 Not Modified (9ms)


Started GET "/assets/application.css?body=1" for 10.0.2.2 at 2013-04-04 13:40:36 +0200
Served asset /application.css - 304 Not Modified (27ms)


Started GET "/static_pages/about" for 10.0.2.2 at 2013-04-04 13:40:40 +0200
Processing by StaticPagesController#about as HTML
  Rendered static_pages/about.html.erb within layouts/application (1.9ms)
Completed 200 OK in 321ms (Views: 319.6ms | ActiveRecord: 0.0ms)


Started GET "/assets/jquery.js?body=1" for 10.0.2.2 at 2013-04-04 13:40:40 +0200
Served asset /jquery.js - 304 Not Modified (1ms)


Started GET "/assets/application.css?body=1" for 10.0.2.2 at 2013-04-04 13:40:41 +0200
Served asset /application.css - 304 Not Modified (20ms)


Started GET "/assets/static_pages.css?body=1" for 10.0.2.2 at 2013-04-04 13:40:41 +0200
Served asset /static_pages.css - 304 Not Modified (7ms)


Started GET "/assets/jquery_ujs.js?body=1" for 10.0.2.2 at 2013-04-04 13:40:41 +0200
Served asset /jquery_ujs.js - 304 Not Modified (1ms)


Started GET "/assets/application.js?body=1" for 10.0.2.2 at 2013-04-04 13:40:41 +0200
Served asset /application.js - 304 Not Modified (25ms)


Started GET "/assets/static_pages.js?body=1" for 10.0.2.2 at 2013-04-04 13:40:41 +0200
Served asset /static_pages.js - 304 Not Modified (8ms)


Started GET "/static_pages/help" for 10.0.2.2 at 2013-04-04 13:40:45 +0200
Processing by StaticPagesController#help as HTML
  Rendered static_pages/help.html.erb within layouts/application (2.3ms)
Completed 200 OK in 246ms (Views: 245.2ms | ActiveRecord: 0.0ms)


Started GET "/assets/application.css?body=1" for 10.0.2.2 at 2013-04-04 13:40:46 +0200
Served asset /application.css - 304 Not Modified (34ms)


Started GET "/assets/static_pages.css?body=1" for 10.0.2.2 at 2013-04-04 13:40:46 +0200
Served asset /static_pages.css - 304 Not Modified (9ms)


Started GET "/assets/jquery.js?body=1" for 10.0.2.2 at 2013-04-04 13:40:46 +0200
Served asset /jquery.js - 304 Not Modified (3ms)


Started GET "/assets/static_pages.js?body=1" for 10.0.2.2 at 2013-04-04 13:40:46 +0200
Served asset /static_pages.js - 304 Not Modified (11ms)


Started GET "/assets/application.js?body=1" for 10.0.2.2 at 2013-04-04 13:40:46 +0200
Served asset /application.js - 304 Not Modified (26ms)


Started GET "/assets/jquery_ujs.js?body=1" for 10.0.2.2 at 2013-04-04 13:40:46 +0200
Served asset /jquery_ujs.js - 304 Not Modified (1ms)


Started GET "/static_pages/" for 10.0.2.2 at 2013-04-04 13:40:48 +0200

ActionController::RoutingError (No route matches [GET] "/static_pages"):
  actionpack (3.2.12) lib/action_dispatch/middleware/debug_exceptions.rb:21:in `call'
  actionpack (3.2.12) lib/action_dispatch/middleware/show_exceptions.rb:56:in `call'
  railties (3.2.12) lib/rails/rack/logger.rb:32:in `call_app'
  railties (3.2.12) lib/rails/rack/logger.rb:16:in `block in call'
  activesupport (3.2.12) lib/active_support/tagged_logging.rb:22:in `tagged'
  railties (3.2.12) lib/rails/rack/logger.rb:16:in `call'
  actionpack (3.2.12) lib/action_dispatch/middleware/request_id.rb:22:in `call'
  rack (1.4.5) lib/rack/methodoverride.rb:21:in `call'
  rack (1.4.5) lib/rack/runtime.rb:17:in `call'
  activesupport (3.2.12) lib/active_support/cache/strategy/local_cache.rb:72:in `call'
  rack (1.4.5) lib/rack/lock.rb:15:in `call'
  actionpack (3.2.12) lib/action_dispatch/middleware/static.rb:62:in `call'
  railties (3.2.12) lib/rails/engine.rb:479:in `call'
  railties (3.2.12) lib/rails/application.rb:223:in `call'
  rack (1.4.5) lib/rack/content_length.rb:14:in `call'
  railties (3.2.12) lib/rails/rack/log_tailer.rb:17:in `call'
  rack (1.4.5) lib/rack/handler/webrick.rb:59:in `service'
  /home/alu3958/.rvm/rubies/ruby-1.9.3-p385/lib/ruby/1.9.1/webrick/httpserver.rb:138:in `service'
  /home/alu3958/.rvm/rubies/ruby-1.9.3-p385/lib/ruby/1.9.1/webrick/httpserver.rb:94:in `run'
  /home/alu3958/.rvm/rubies/ruby-1.9.3-p385/lib/ruby/1.9.1/webrick/server.rb:191:in `block in start_thread'


  Rendered /home/alu3958/.rvm/gems/ruby-1.9.3-p385/gems/actionpack-3.2.12/lib/action_dispatch/middleware/templates/rescues/routing_error.erb within rescues/layout (2.7ms)


Started GET "/static_pages/home" for 10.0.2.2 at 2013-04-04 13:44:43 +0200
Connecting to database specified by database.yml
Processing by StaticPagesController#home as HTML
  Rendered static_pages/home.html.erb within layouts/application (13.2ms)
Completed 200 OK in 400ms (Views: 399.6ms | ActiveRecord: 0.0ms)


Started GET "/assets/application.css?body=1" for 10.0.2.2 at 2013-04-04 13:44:45 +0200
Served asset /application.css - 304 Not Modified (45ms)


Started GET "/assets/static_pages.css?body=1" for 10.0.2.2 at 2013-04-04 13:44:45 +0200
Served asset /static_pages.css - 304 Not Modified (32ms)


Started GET "/assets/static_pages.js?body=1" for 10.0.2.2 at 2013-04-04 13:44:46 +0200
Served asset /static_pages.js - 304 Not Modified (27ms)


Started GET "/assets/application.js?body=1" for 10.0.2.2 at 2013-04-04 13:44:46 +0200
Served asset /application.js - 304 Not Modified (63ms)


Started GET "/assets/jquery_ujs.js?body=1" for 10.0.2.2 at 2013-04-04 13:44:46 +0200
Served asset /jquery_ujs.js - 304 Not Modified (37ms)


Started GET "/assets/jquery.js?body=1" for 10.0.2.2 at 2013-04-04 13:44:46 +0200
Served asset /jquery.js - 304 Not Modified (49ms)


Started GET "/static_pages/pepe" for 10.0.2.2 at 2013-04-04 13:44:51 +0200

ActionController::RoutingError (No route matches [GET] "/static_pages/pepe"):
  actionpack (3.2.12) lib/action_dispatch/middleware/debug_exceptions.rb:21:in `call'
  actionpack (3.2.12) lib/action_dispatch/middleware/show_exceptions.rb:56:in `call'
  railties (3.2.12) lib/rails/rack/logger.rb:32:in `call_app'
  railties (3.2.12) lib/rails/rack/logger.rb:16:in `block in call'
  activesupport (3.2.12) lib/active_support/tagged_logging.rb:22:in `tagged'
  railties (3.2.12) lib/rails/rack/logger.rb:16:in `call'
  actionpack (3.2.12) lib/action_dispatch/middleware/request_id.rb:22:in `call'
  rack (1.4.5) lib/rack/methodoverride.rb:21:in `call'
  rack (1.4.5) lib/rack/runtime.rb:17:in `call'
  activesupport (3.2.12) lib/active_support/cache/strategy/local_cache.rb:72:in `call'
  rack (1.4.5) lib/rack/lock.rb:15:in `call'
  actionpack (3.2.12) lib/action_dispatch/middleware/static.rb:62:in `call'
  railties (3.2.12) lib/rails/engine.rb:479:in `call'
  railties (3.2.12) lib/rails/application.rb:223:in `call'
  rack (1.4.5) lib/rack/content_length.rb:14:in `call'
  railties (3.2.12) lib/rails/rack/log_tailer.rb:17:in `call'
  rack (1.4.5) lib/rack/handler/webrick.rb:59:in `service'
  /home/alu3958/.rvm/rubies/ruby-1.9.3-p385/lib/ruby/1.9.1/webrick/httpserver.rb:138:in `service'
  /home/alu3958/.rvm/rubies/ruby-1.9.3-p385/lib/ruby/1.9.1/webrick/httpserver.rb:94:in `run'
  /home/alu3958/.rvm/rubies/ruby-1.9.3-p385/lib/ruby/1.9.1/webrick/server.rb:191:in `block in start_thread'


  Rendered /home/alu3958/.rvm/gems/ruby-1.9.3-p385/gems/actionpack-3.2.12/lib/action_dispatch/middleware/templates/rescues/routing_error.erb within rescues/layout (3.4ms)


Started GET "/static_pages/" for 10.0.2.2 at 2013-04-04 13:44:55 +0200

ActionController::RoutingError (No route matches [GET] "/static_pages"):
  actionpack (3.2.12) lib/action_dispatch/middleware/debug_exceptions.rb:21:in `call'
  actionpack (3.2.12) lib/action_dispatch/middleware/show_exceptions.rb:56:in `call'
  railties (3.2.12) lib/rails/rack/logger.rb:32:in `call_app'
  railties (3.2.12) lib/rails/rack/logger.rb:16:in `block in call'
  activesupport (3.2.12) lib/active_support/tagged_logging.rb:22:in `tagged'
  railties (3.2.12) lib/rails/rack/logger.rb:16:in `call'
  actionpack (3.2.12) lib/action_dispatch/middleware/request_id.rb:22:in `call'
  rack (1.4.5) lib/rack/methodoverride.rb:21:in `call'
  rack (1.4.5) lib/rack/runtime.rb:17:in `call'
  activesupport (3.2.12) lib/active_support/cache/strategy/local_cache.rb:72:in `call'
  rack (1.4.5) lib/rack/lock.rb:15:in `call'
  actionpack (3.2.12) lib/action_dispatch/middleware/static.rb:62:in `call'
  railties (3.2.12) lib/rails/engine.rb:479:in `call'
  railties (3.2.12) lib/rails/application.rb:223:in `call'
  rack (1.4.5) lib/rack/content_length.rb:14:in `call'
  railties (3.2.12) lib/rails/rack/log_tailer.rb:17:in `call'
  rack (1.4.5) lib/rack/handler/webrick.rb:59:in `service'
  /home/alu3958/.rvm/rubies/ruby-1.9.3-p385/lib/ruby/1.9.1/webrick/httpserver.rb:138:in `service'
  /home/alu3958/.rvm/rubies/ruby-1.9.3-p385/lib/ruby/1.9.1/webrick/httpserver.rb:94:in `run'
  /home/alu3958/.rvm/rubies/ruby-1.9.3-p385/lib/ruby/1.9.1/webrick/server.rb:191:in `block in start_thread'


  Rendered /home/alu3958/.rvm/gems/ruby-1.9.3-p385/gems/actionpack-3.2.12/lib/action_dispatch/middleware/templates/rescues/routing_error.erb within rescues/layout (4.3ms)


Started GET "/static_pages/about" for 10.0.2.2 at 2013-04-04 13:44:59 +0200
Processing by StaticPagesController#about as HTML
  Rendered static_pages/about.html.erb within layouts/application (2.2ms)
Completed 200 OK in 235ms (Views: 233.7ms | ActiveRecord: 0.0ms)


Started GET "/assets/application.css?body=1" for 10.0.2.2 at 2013-04-04 13:45:00 +0200
Served asset /application.css - 304 Not Modified (43ms)


Started GET "/assets/static_pages.css?body=1" for 10.0.2.2 at 2013-04-04 13:45:00 +0200
Served asset /static_pages.css - 304 Not Modified (7ms)


Started GET "/assets/jquery.js?body=1" for 10.0.2.2 at 2013-04-04 13:45:00 +0200
Served asset /jquery.js - 304 Not Modified (3ms)


Started GET "/assets/static_pages.js?body=1" for 10.0.2.2 at 2013-04-04 13:45:00 +0200
Served asset /static_pages.js - 304 Not Modified (10ms)


Started GET "/assets/jquery_ujs.js?body=1" for 10.0.2.2 at 2013-04-04 13:45:00 +0200
Served asset /jquery_ujs.js - 304 Not Modified (3ms)


Started GET "/assets/application.js?body=1" for 10.0.2.2 at 2013-04-04 13:45:00 +0200
Served asset /application.js - 304 Not Modified (24ms)


Started GET "/static_pages" for 10.0.2.2 at 2013-04-04 13:45:04 +0200

ActionController::RoutingError (No route matches [GET] "/static_pages"):
  actionpack (3.2.12) lib/action_dispatch/middleware/debug_exceptions.rb:21:in `call'
  actionpack (3.2.12) lib/action_dispatch/middleware/show_exceptions.rb:56:in `call'
  railties (3.2.12) lib/rails/rack/logger.rb:32:in `call_app'
  railties (3.2.12) lib/rails/rack/logger.rb:16:in `block in call'
  activesupport (3.2.12) lib/active_support/tagged_logging.rb:22:in `tagged'
  railties (3.2.12) lib/rails/rack/logger.rb:16:in `call'
  actionpack (3.2.12) lib/action_dispatch/middleware/request_id.rb:22:in `call'
  rack (1.4.5) lib/rack/methodoverride.rb:21:in `call'
  rack (1.4.5) lib/rack/runtime.rb:17:in `call'
  activesupport (3.2.12) lib/active_support/cache/strategy/local_cache.rb:72:in `call'
  rack (1.4.5) lib/rack/lock.rb:15:in `call'
  actionpack (3.2.12) lib/action_dispatch/middleware/static.rb:62:in `call'
  railties (3.2.12) lib/rails/engine.rb:479:in `call'
  railties (3.2.12) lib/rails/application.rb:223:in `call'
  rack (1.4.5) lib/rack/content_length.rb:14:in `call'
  railties (3.2.12) lib/rails/rack/log_tailer.rb:17:in `call'
  rack (1.4.5) lib/rack/handler/webrick.rb:59:in `service'
  /home/alu3958/.rvm/rubies/ruby-1.9.3-p385/lib/ruby/1.9.1/webrick/httpserver.rb:138:in `service'
  /home/alu3958/.rvm/rubies/ruby-1.9.3-p385/lib/ruby/1.9.1/webrick/httpserver.rb:94:in `run'
  /home/alu3958/.rvm/rubies/ruby-1.9.3-p385/lib/ruby/1.9.1/webrick/server.rb:191:in `block in start_thread'


  Rendered /home/alu3958/.rvm/gems/ruby-1.9.3-p385/gems/actionpack-3.2.12/lib/action_dispatch/middleware/templates/rescues/routing_error.erb within rescues/layout (3.1ms)


Started GET "/static_pages/" for 10.0.2.2 at 2013-04-04 13:45:08 +0200

ActionController::RoutingError (No route matches [GET] "/static_pages"):
  actionpack (3.2.12) lib/action_dispatch/middleware/debug_exceptions.rb:21:in `call'
  actionpack (3.2.12) lib/action_dispatch/middleware/show_exceptions.rb:56:in `call'
  railties (3.2.12) lib/rails/rack/logger.rb:32:in `call_app'
  railties (3.2.12) lib/rails/rack/logger.rb:16:in `block in call'
  activesupport (3.2.12) lib/active_support/tagged_logging.rb:22:in `tagged'
  railties (3.2.12) lib/rails/rack/logger.rb:16:in `call'
  actionpack (3.2.12) lib/action_dispatch/middleware/request_id.rb:22:in `call'
  rack (1.4.5) lib/rack/methodoverride.rb:21:in `call'
  rack (1.4.5) lib/rack/runtime.rb:17:in `call'
  activesupport (3.2.12) lib/active_support/cache/strategy/local_cache.rb:72:in `call'
  rack (1.4.5) lib/rack/lock.rb:15:in `call'
  actionpack (3.2.12) lib/action_dispatch/middleware/static.rb:62:in `call'
  railties (3.2.12) lib/rails/engine.rb:479:in `call'
  railties (3.2.12) lib/rails/application.rb:223:in `call'
  rack (1.4.5) lib/rack/content_length.rb:14:in `call'
  railties (3.2.12) lib/rails/rack/log_tailer.rb:17:in `call'
  rack (1.4.5) lib/rack/handler/webrick.rb:59:in `service'
  /home/alu3958/.rvm/rubies/ruby-1.9.3-p385/lib/ruby/1.9.1/webrick/httpserver.rb:138:in `service'
  /home/alu3958/.rvm/rubies/ruby-1.9.3-p385/lib/ruby/1.9.1/webrick/httpserver.rb:94:in `run'
  /home/alu3958/.rvm/rubies/ruby-1.9.3-p385/lib/ruby/1.9.1/webrick/server.rb:191:in `block in start_thread'


  Rendered /home/alu3958/.rvm/gems/ruby-1.9.3-p385/gems/actionpack-3.2.12/lib/action_dispatch/middleware/templates/rescues/routing_error.erb within rescues/layout (4.2ms)
Connecting to database specified by database.yml


Started GET "/assets/rails.png" for 10.0.2.2 at 2013-04-08 12:55:32 +0100
Connecting to database specified by database.yml
Served asset /rails.png - 200 OK (16ms)


Started GET "/static_pages/home" for 10.0.2.2 at 2013-04-08 12:55:42 +0100
Processing by StaticPagesController#home as HTML
  Rendered static_pages/home.html.erb within layouts/application (16.6ms)
Compiled jquery.js  (3ms)  (pid 2153)
Compiled jquery_ujs.js  (0ms)  (pid 2153)
Compiled application.js  (375ms)  (pid 2153)
Completed 200 OK in 723ms (Views: 722.2ms | ActiveRecord: 0.0ms)


Started GET "/assets/static_pages.css?body=1" for 10.0.2.2 at 2013-04-08 12:55:43 +0100
Served asset /static_pages.css - 200 OK (35ms)


Started GET "/assets/jquery.js?body=1" for 10.0.2.2 at 2013-04-08 12:55:43 +0100
Served asset /jquery.js - 200 OK (32ms)


Started GET "/assets/application.css?body=1" for 10.0.2.2 at 2013-04-08 12:55:43 +0100
Served asset /application.css - 200 OK (53ms)


Started GET "/assets/application.js?body=1" for 10.0.2.2 at 2013-04-08 12:55:43 +0100
Served asset /application.js - 200 OK (42ms)


Started GET "/assets/jquery_ujs.js?body=1" for 10.0.2.2 at 2013-04-08 12:55:43 +0100
Served asset /jquery_ujs.js - 200 OK (28ms)


Started GET "/assets/static_pages.js?body=1" for 10.0.2.2 at 2013-04-08 12:55:43 +0100
Served asset /static_pages.js - 200 OK (18ms)


Started GET "/static_pages/home" for 10.0.2.2 at 2013-04-08 13:06:54 +0100
Connecting to database specified by database.yml
Processing by StaticPagesController#home as HTML
  Rendered static_pages/home.html.erb within layouts/application (33.6ms)
Completed 200 OK in 299ms (Views: 298.7ms | ActiveRecord: 0.0ms)


Started GET "/static_pages/home" for 10.0.2.2 at 2013-04-08 13:06:55 +0100
Processing by StaticPagesController#home as HTML
  Rendered static_pages/home.html.erb within layouts/application (0.4ms)
Completed 200 OK in 106ms (Views: 105.7ms | ActiveRecord: 0.0ms)


Started GET "/static_pages/home" for 10.0.2.2 at 2013-04-08 13:06:56 +0100
Processing by StaticPagesController#home as HTML
  Rendered static_pages/home.html.erb within layouts/application (0.3ms)
Completed 200 OK in 98ms (Views: 97.7ms | ActiveRecord: 0.0ms)


Started GET "/static_pages/home" for 10.0.2.2 at 2013-04-08 13:06:56 +0100
Processing by StaticPagesController#home as HTML
  Rendered static_pages/home.html.erb within layouts/application (0.4ms)
Completed 200 OK in 99ms (Views: 99.0ms | ActiveRecord: 0.0ms)


Started GET "/static_pages/home" for 10.0.2.2 at 2013-04-08 13:06:56 +0100
Processing by StaticPagesController#home as HTML
  Rendered static_pages/home.html.erb within layouts/application (0.5ms)
Completed 200 OK in 102ms (Views: 101.7ms | ActiveRecord: 0.0ms)


Started GET "/static_pages/home" for 10.0.2.2 at 2013-04-08 13:06:56 +0100
Processing by StaticPagesController#home as HTML
  Rendered static_pages/home.html.erb within layouts/application (0.3ms)
Completed 200 OK in 104ms (Views: 103.4ms | ActiveRecord: 0.0ms)


Started GET "/static_pages/home" for 10.0.2.2 at 2013-04-08 13:06:56 +0100
Processing by StaticPagesController#home as HTML
  Rendered static_pages/home.html.erb within layouts/application (0.8ms)
Completed 200 OK in 128ms (Views: 128.3ms | ActiveRecord: 0.0ms)


Started GET "/static_pages/home" for 10.0.2.2 at 2013-04-08 13:06:56 +0100
Processing by StaticPagesController#home as HTML
  Rendered static_pages/home.html.erb within layouts/application (0.3ms)
Completed 200 OK in 121ms (Views: 120.8ms | ActiveRecord: 0.0ms)


Started GET "/static_pages/home" for 10.0.2.2 at 2013-04-08 13:06:57 +0100
Processing by StaticPagesController#home as HTML
  Rendered static_pages/home.html.erb within layouts/application (0.4ms)
Completed 200 OK in 100ms (Views: 99.5ms | ActiveRecord: 0.0ms)


Started GET "/assets/application.css?body=1" for 10.0.2.2 at 2013-04-08 13:06:57 +0100
Served asset /application.css - 304 Not Modified (37ms)


Started GET "/assets/static_pages.js?body=1" for 10.0.2.2 at 2013-04-08 13:06:57 +0100
Served asset /static_pages.js - 304 Not Modified (47ms)


Started GET "/assets/application.js?body=1" for 10.0.2.2 at 2013-04-08 13:06:57 +0100
Served asset /application.js - 304 Not Modified (47ms)


Started GET "/assets/static_pages.css?body=1" for 10.0.2.2 at 2013-04-08 13:06:57 +0100
Served asset /static_pages.css - 304 Not Modified (24ms)


Started GET "/assets/jquery.js?body=1" for 10.0.2.2 at 2013-04-08 13:06:57 +0100
Served asset /jquery.js - 304 Not Modified (34ms)


Started GET "/assets/jquery_ujs.js?body=1" for 10.0.2.2 at 2013-04-08 13:06:57 +0100
Served asset /jquery_ujs.js - 304 Not Modified (28ms)


Started GET "/assets/rails.png" for 10.0.2.2 at 2013-04-08 13:06:57 +0100
Served asset /rails.png - 304 Not Modified (14ms)


Started GET "/static_pages/home" for 10.0.2.2 at 2013-04-08 13:10:43 +0100
Connecting to database specified by database.yml
Processing by StaticPagesController#home as HTML
  Rendered static_pages/home.html.erb within layouts/application (36.2ms)
Compiled custom.css  (2852ms)  (pid 2267)
Compiled application.css  (3021ms)  (pid 2267)
Completed 200 OK in 3678ms (Views: 3677.6ms | ActiveRecord: 0.0ms)


Started GET "/assets/static_pages.css?body=1" for 10.0.2.2 at 2013-04-08 13:10:48 +0100
Served asset /static_pages.css - 304 Not Modified (29ms)


Started GET "/assets/jquery.js?body=1" for 10.0.2.2 at 2013-04-08 13:10:48 +0100
Served asset /jquery.js - 304 Not Modified (42ms)


Started GET "/assets/application.css?body=1" for 10.0.2.2 at 2013-04-08 13:10:48 +0100
Served asset /application.css - 304 Not Modified (49ms)


Started GET "/assets/custom.css?body=1" for 10.0.2.2 at 2013-04-08 13:10:48 +0100
Served asset /custom.css - 200 OK (57ms)


Started GET "/assets/static_pages.js?body=1" for 10.0.2.2 at 2013-04-08 13:10:48 +0100
Served asset /static_pages.js - 304 Not Modified (24ms)


Started GET "/assets/jquery_ujs.js?body=1" for 10.0.2.2 at 2013-04-08 13:10:48 +0100
Served asset /jquery_ujs.js - 304 Not Modified (30ms)


Started GET "/assets/application.js?body=1" for 10.0.2.2 at 2013-04-08 13:10:48 +0100
Served asset /application.js - 304 Not Modified (43ms)


Started GET "/assets/rails.png" for 10.0.2.2 at 2013-04-08 13:10:48 +0100
Served asset /rails.png - 304 Not Modified (14ms)


Started GET "/static_pages/home" for 10.0.2.2 at 2013-04-08 13:13:10 +0100
Connecting to database specified by database.yml
Processing by StaticPagesController#home as HTML
  Rendered static_pages/home.html.erb within layouts/application (35.2ms)
Compiled custom.css  (1350ms)  (pid 2281)
Compiled application.css  (5ms)  (pid 2281)
Completed 200 OK in 2174ms (Views: 2173.3ms | ActiveRecord: 0.0ms)


Started GET "/assets/jquery.js?body=1" for 10.0.2.2 at 2013-04-08 13:13:14 +0100
Served asset /jquery.js - 304 Not Modified (44ms)


Started GET "/assets/static_pages.css?body=1" for 10.0.2.2 at 2013-04-08 13:13:14 +0100
Served asset /static_pages.css - 304 Not Modified (28ms)


Started GET "/assets/custom.css?body=1" for 10.0.2.2 at 2013-04-08 13:13:14 +0100
Served asset /custom.css - 200 OK (34ms)


Started GET "/assets/application.css?body=1" for 10.0.2.2 at 2013-04-08 13:13:14 +0100
Served asset /application.css - 304 Not Modified (107ms)


Started GET "/assets/static_pages.js?body=1" for 10.0.2.2 at 2013-04-08 13:13:14 +0100
Served asset /static_pages.js - 304 Not Modified (19ms)


Started GET "/assets/jquery_ujs.js?body=1" for 10.0.2.2 at 2013-04-08 13:13:14 +0100
Served asset /jquery_ujs.js - 304 Not Modified (31ms)


Started GET "/assets/application.js?body=1" for 10.0.2.2 at 2013-04-08 13:13:14 +0100
Served asset /application.js - 304 Not Modified (45ms)


Started GET "/assets/rails.png" for 10.0.2.2 at 2013-04-08 13:13:14 +0100
Served asset /rails.png - 304 Not Modified (14ms)


Started GET "/static_pages/home" for 10.0.2.2 at 2013-04-08 13:14:32 +0100
Connecting to database specified by database.yml
Processing by StaticPagesController#home as HTML
  Rendered static_pages/home.html.erb within layouts/application (32.7ms)
Compiled custom.css  (1371ms)  (pid 2293)
Compiled application.css  (5ms)  (pid 2293)
Completed 200 OK in 2166ms (Views: 2165.4ms | ActiveRecord: 0.0ms)


Started GET "/assets/static_pages.css?body=1" for 10.0.2.2 at 2013-04-08 13:14:35 +0100
Served asset /static_pages.css - 304 Not Modified (23ms)


Started GET "/assets/custom.css?body=1" for 10.0.2.2 at 2013-04-08 13:14:35 +0100
Served asset /custom.css - 200 OK (43ms)


Started GET "/assets/application.css?body=1" for 10.0.2.2 at 2013-04-08 13:14:35 +0100
Served asset /application.css - 304 Not Modified (90ms)


Started GET "/assets/jquery_ujs.js?body=1" for 10.0.2.2 at 2013-04-08 13:14:35 +0100
Served asset /jquery_ujs.js - 304 Not Modified (30ms)


Started GET "/assets/static_pages.js?body=1" for 10.0.2.2 at 2013-04-08 13:14:36 +0100
Served asset /static_pages.js - 304 Not Modified (19ms)


Started GET "/assets/jquery.js?body=1" for 10.0.2.2 at 2013-04-08 13:14:36 +0100
Served asset /jquery.js - 304 Not Modified (35ms)


Started GET "/assets/application.js?body=1" for 10.0.2.2 at 2013-04-08 13:14:36 +0100
Served asset /application.js - 304 Not Modified (45ms)


Started GET "/assets/rails.png" for 10.0.2.2 at 2013-04-08 13:14:36 +0100
Served asset /rails.png - 304 Not Modified (15ms)


Started GET "/static_pages/home" for 10.0.2.2 at 2013-04-08 13:15:51 +0100
Connecting to database specified by database.yml
Processing by StaticPagesController#home as HTML
  Rendered static_pages/home.html.erb within layouts/application (32.0ms)
Compiled custom.css  (1337ms)  (pid 2306)
Compiled application.css  (5ms)  (pid 2306)
Completed 200 OK in 2125ms (Views: 2124.8ms | ActiveRecord: 0.0ms)


Started GET "/assets/custom.css?body=1" for 10.0.2.2 at 2013-04-08 13:15:55 +0100
Served asset /custom.css - 200 OK (38ms)


Started GET "/assets/jquery.js?body=1" for 10.0.2.2 at 2013-04-08 13:15:55 +0100
Served asset /jquery.js - 304 Not Modified (55ms)


Started GET "/assets/application.css?body=1" for 10.0.2.2 at 2013-04-08 13:15:55 +0100
Served asset /application.css - 304 Not Modified (78ms)


Started GET "/assets/jquery_ujs.js?body=1" for 10.0.2.2 at 2013-04-08 13:15:55 +0100
Served asset /jquery_ujs.js - 304 Not Modified (30ms)


Started GET "/assets/static_pages.css?body=1" for 10.0.2.2 at 2013-04-08 13:15:55 +0100
Served asset /static_pages.css - 304 Not Modified (25ms)


Started GET "/assets/static_pages.js?body=1" for 10.0.2.2 at 2013-04-08 13:15:55 +0100
Served asset /static_pages.js - 304 Not Modified (20ms)


Started GET "/assets/application.js?body=1" for 10.0.2.2 at 2013-04-08 13:15:55 +0100
Served asset /application.js - 304 Not Modified (47ms)


Started GET "/assets/rails.png" for 10.0.2.2 at 2013-04-08 13:15:55 +0100
Served asset /rails.png - 304 Not Modified (14ms)


Started GET "/static_pages/home" for 10.0.2.2 at 2013-04-08 13:22:21 +0100
Connecting to database specified by database.yml
Processing by StaticPagesController#home as HTML
  Rendered static_pages/home.html.erb within layouts/application (30.3ms)
Completed 500 Internal Server Error in 430ms

ActionView::Template::Error (Missing partial layouts/shim with {:locale=>[:en], :formats=>[:html], :handlers=>[:erb, :builder, :coffee]}. Searched in:
  * "/home/alu3875/dsi/rails_project/practica7/sample_app/app/views"
):
    8:     <!--[if lt IE 9]>
    9:     <script src="http://html5shim.googlecode.com/svn/trunk/html5.js"></script>
    10:     <![endif]-->
    11:     <%= render 'layouts/shim' %>
    12:   </head>
    13:   <body>
    14:     <header class="navbar navbar-fixed-top navbar-inverse">
  app/views/layouts/application.html.erb:11:in `_app_views_layouts_application_html_erb__760772130_79272230'


  Rendered /home/alu3875/.rvm/gems/ruby-1.9.3-p385/gems/actionpack-3.2.12/lib/action_dispatch/middleware/templates/rescues/_trace.erb (2.6ms)
  Rendered /home/alu3875/.rvm/gems/ruby-1.9.3-p385/gems/actionpack-3.2.12/lib/action_dispatch/middleware/templates/rescues/_request_and_response.erb (2.0ms)
  Rendered /home/alu3875/.rvm/gems/ruby-1.9.3-p385/gems/actionpack-3.2.12/lib/action_dispatch/middleware/templates/rescues/template_error.erb within rescues/layout (21.1ms)


Started GET "/static_pages/home" for 10.0.2.2 at 2013-04-08 13:30:09 +0100
Connecting to database specified by database.yml
Processing by StaticPagesController#home as HTML
  Rendered static_pages/home.html.erb within layouts/application (35.6ms)
Compiled custom.css  (1365ms)  (pid 2559)
Compiled application.css  (5ms)  (pid 2559)
  Rendered layouts/_shim.html.erb (0.6ms)
  Rendered layouts/_header.html.erb (1.0ms)
  Rendered layouts/_footer.html.erb (0.8ms)
Completed 200 OK in 2301ms (Views: 2300.9ms | ActiveRecord: 0.0ms)


Started GET "/static_pages/home" for 10.0.2.2 at 2013-04-08 13:30:13 +0100
Processing by StaticPagesController#home as HTML
  Rendered static_pages/home.html.erb within layouts/application (0.5ms)
  Rendered layouts/_shim.html.erb (0.1ms)
  Rendered layouts/_header.html.erb (0.2ms)
  Rendered layouts/_footer.html.erb (0.1ms)
Completed 200 OK in 190ms (Views: 190.1ms | ActiveRecord: 0.0ms)


Started GET "/assets/custom.css?body=1" for 10.0.2.2 at 2013-04-08 13:30:13 +0100
Served asset /custom.css - 200 OK (73ms)


Started GET "/assets/static_pages.css?body=1" for 10.0.2.2 at 2013-04-08 13:30:13 +0100
Served asset /static_pages.css - 304 Not Modified (54ms)


Started GET "/assets/application.css?body=1" for 10.0.2.2 at 2013-04-08 13:30:13 +0100
Served asset /application.css - 304 Not Modified (56ms)


Started GET "/assets/jquery_ujs.js?body=1" for 10.0.2.2 at 2013-04-08 13:30:14 +0100
Served asset /jquery_ujs.js - 304 Not Modified (29ms)


Started GET "/assets/static_pages.js?body=1" for 10.0.2.2 at 2013-04-08 13:30:14 +0100
Served asset /static_pages.js - 304 Not Modified (18ms)


Started GET "/assets/jquery.js?body=1" for 10.0.2.2 at 2013-04-08 13:30:14 +0100
Served asset /jquery.js - 304 Not Modified (35ms)


Started GET "/assets/application.js?body=1" for 10.0.2.2 at 2013-04-08 13:30:14 +0100
Served asset /application.js - 304 Not Modified (48ms)


Started GET "/assets/rails.png" for 10.0.2.2 at 2013-04-08 13:30:14 +0100
Served asset /rails.png - 304 Not Modified (15ms)


Started GET "/static_pages/home" for 10.0.2.2 at 2013-04-08 13:30:40 +0100
Processing by StaticPagesController#home as HTML
  Rendered static_pages/home.html.erb within layouts/application (0.5ms)
  Rendered layouts/_shim.html.erb (0.1ms)
  Rendered layouts/_header.html.erb (0.2ms)
  Rendered layouts/_footer.html.erb (0.1ms)
Completed 200 OK in 220ms (Views: 219.8ms | ActiveRecord: 0.0ms)


Started GET "/assets/application.css?body=1" for 10.0.2.2 at 2013-04-08 13:30:40 +0100
Served asset /application.css - 304 Not Modified (48ms)


Started GET "/assets/static_pages.css?body=1" for 10.0.2.2 at 2013-04-08 13:30:40 +0100
Served asset /static_pages.css - 304 Not Modified (7ms)


Started GET "/assets/jquery.js?body=1" for 10.0.2.2 at 2013-04-08 13:30:40 +0100
Served asset /jquery.js - 304 Not Modified (9ms)


Started GET "/assets/custom.css?body=1" for 10.0.2.2 at 2013-04-08 13:30:40 +0100
Served asset /custom.css - 304 Not Modified (9ms)


Started GET "/assets/jquery_ujs.js?body=1" for 10.0.2.2 at 2013-04-08 13:30:41 +0100
Served asset /jquery_ujs.js - 304 Not Modified (1ms)


Started GET "/assets/static_pages.js?body=1" for 10.0.2.2 at 2013-04-08 13:30:41 +0100
Served asset /static_pages.js - 304 Not Modified (6ms)


Started GET "/assets/application.js?body=1" for 10.0.2.2 at 2013-04-08 13:30:41 +0100
Served asset /application.js - 304 Not Modified (9ms)


Started GET "/assets/rails.png" for 10.0.2.2 at 2013-04-08 13:30:41 +0100
Served asset /rails.png - 304 Not Modified (5ms)


Started GET "/static_pages/home" for 10.0.2.2 at 2013-04-08 13:39:38 +0100
Connecting to database specified by database.yml
Processing by StaticPagesController#home as HTML
  Rendered static_pages/home.html.erb within layouts/application (12.0ms)
Completed 500 Internal Server Error in 312ms

ActionView::Template::Error (Invalid CSS after "*": expected "{", was "= require_self"
  (in /home/alu3875/dsi/rails_project/practica7/sample_app/app/assets/stylesheets/custom.css.scss)):
    2: <html>
    3:   <head>
    4:     <title><%= full_title(yield(:title)) %></title>
    5:     <%= stylesheet_link_tag    "application", media: "all" %>
    6:     <%= javascript_include_tag "application" %>
    7:     <%= csrf_meta_tags %>
    8:     <!--[if lt IE 9]>
  app/assets/stylesheets/custom.css.scss:1
  app/views/layouts/application.html.erb:5:in `_app_views_layouts_application_html_erb__683217685_88726140'


  Rendered /home/alu3875/.rvm/gems/ruby-1.9.3-p385/gems/actionpack-3.2.12/lib/action_dispatch/middleware/templates/rescues/_trace.erb (1.9ms)
  Rendered /home/alu3875/.rvm/gems/ruby-1.9.3-p385/gems/actionpack-3.2.12/lib/action_dispatch/middleware/templates/rescues/_request_and_response.erb (1.3ms)
  Rendered /home/alu3875/.rvm/gems/ruby-1.9.3-p385/gems/actionpack-3.2.12/lib/action_dispatch/middleware/templates/rescues/template_error.erb within rescues/layout (12.4ms)


Started GET "/static_pages/home" for 10.0.2.2 at 2013-04-08 13:48:20 +0100
Connecting to database specified by database.yml
Processing by StaticPagesController#home as HTML
  Rendered static_pages/home.html.erb within layouts/application (11.2ms)
Completed 500 Internal Server Error in 1664ms

ActionView::Template::Error (/home/alu3875/dsi/rails_project/practica7/sample_app/app/assets/stylesheets/custom.css.scss has already been required):
    2: <html>
    3:   <head>
    4:     <title><%= full_title(yield(:title)) %></title>
    5:     <%= stylesheet_link_tag    "application", media: "all" %>
    6:     <%= javascript_include_tag "application" %>
    7:     <%= csrf_meta_tags %>
    8:     <!--[if lt IE 9]>
  app/views/layouts/application.html.erb:5:in `_app_views_layouts_application_html_erb___872116713_75760900'


  Rendered /home/alu3875/.rvm/gems/ruby-1.9.3-p385/gems/actionpack-3.2.12/lib/action_dispatch/middleware/templates/rescues/_trace.erb (2.6ms)
  Rendered /home/alu3875/.rvm/gems/ruby-1.9.3-p385/gems/actionpack-3.2.12/lib/action_dispatch/middleware/templates/rescues/_request_and_response.erb (1.3ms)
  Rendered /home/alu3875/.rvm/gems/ruby-1.9.3-p385/gems/actionpack-3.2.12/lib/action_dispatch/middleware/templates/rescues/template_error.erb within rescues/layout (13.5ms)


Started GET "/static_pages/home" for 10.0.2.2 at 2013-04-08 13:51:38 +0100
Connecting to database specified by database.yml
Processing by StaticPagesController#home as HTML
  Rendered static_pages/home.html.erb within layouts/application (12.0ms)
Completed 500 Internal Server Error in 1637ms

ActionView::Template::Error (/home/alu3875/dsi/rails_project/practica7/sample_app/app/assets/stylesheets/custom.css.scss has already been required):
    2: <html>
    3:   <head>
    4:     <title><%= full_title(yield(:title)) %></title>
    5:     <%= stylesheet_link_tag    "application", media: "all" %>
    6:     <%= javascript_include_tag "application" %>
    7:     <%= csrf_meta_tags %>
    8:     <!--[if lt IE 9]>
  app/views/layouts/application.html.erb:5:in `_app_views_layouts_application_html_erb__728735622_78258600'


  Rendered /home/alu3875/.rvm/gems/ruby-1.9.3-p385/gems/actionpack-3.2.12/lib/action_dispatch/middleware/templates/rescues/_trace.erb (2.6ms)
  Rendered /home/alu3875/.rvm/gems/ruby-1.9.3-p385/gems/actionpack-3.2.12/lib/action_dispatch/middleware/templates/rescues/_request_and_response.erb (1.4ms)
  Rendered /home/alu3875/.rvm/gems/ruby-1.9.3-p385/gems/actionpack-3.2.12/lib/action_dispatch/middleware/templates/rescues/template_error.erb within rescues/layout (13.5ms)


Started GET "/static_pages/home" for 10.0.2.2 at 2013-04-08 13:53:21 +0100
Connecting to database specified by database.yml
Processing by StaticPagesController#home as HTML
  Rendered static_pages/home.html.erb within layouts/application (12.0ms)
Compiled custom.css  (1370ms)  (pid 2755)
Compiled application.css  (5ms)  (pid 2755)
  Rendered layouts/_shim.html.erb (0.6ms)
  Rendered layouts/_header.html.erb (1.0ms)
  Rendered layouts/_footer.html.erb (0.8ms)
Completed 200 OK in 2270ms (Views: 2269.0ms | ActiveRecord: 0.0ms)


Started GET "/assets/application.css?body=1" for 10.0.2.2 at 2013-04-08 13:53:25 +0100
Served asset /application.css - 200 OK (68ms)


Started GET "/assets/static_pages.js?body=1" for 10.0.2.2 at 2013-04-08 13:53:25 +0100
Served asset /static_pages.js - 304 Not Modified (22ms)


Started GET "/assets/jquery_ujs.js?body=1" for 10.0.2.2 at 2013-04-08 13:53:25 +0100
Served asset /jquery_ujs.js - 304 Not Modified (29ms)


Started GET "/assets/jquery.js?body=1" for 10.0.2.2 at 2013-04-08 13:53:25 +0100
Served asset /jquery.js - 304 Not Modified (34ms)


Started GET "/assets/static_pages.css?body=1" for 10.0.2.2 at 2013-04-08 13:53:25 +0100
Served asset /static_pages.css - 304 Not Modified (23ms)


Started GET "/assets/custom.css?body=1" for 10.0.2.2 at 2013-04-08 13:53:25 +0100
Served asset /custom.css - 200 OK (39ms)


Started GET "/assets/application.js?body=1" for 10.0.2.2 at 2013-04-08 13:53:25 +0100
Served asset /application.js - 304 Not Modified (59ms)


Started GET "/assets/rails.png" for 10.0.2.2 at 2013-04-08 13:53:25 +0100
Served asset /rails.png - 304 Not Modified (13ms)


Started GET "/static_pages/home" for 10.0.2.2 at 2013-04-10 16:25:08 +0100
Connecting to database specified by database.yml
Processing by StaticPagesController#home as HTML
  Rendered static_pages/home.html.erb within layouts/application (64.5ms)
  Rendered layouts/_shim.html.erb (1.9ms)
  Rendered layouts/_header.html.erb (3.5ms)
  Rendered layouts/_footer.html.erb (2.4ms)
Completed 200 OK in 1436ms (Views: 1434.7ms | ActiveRecord: 0.0ms)


Started GET "/assets/application.css?body=1" for 10.0.2.2 at 2013-04-10 16:25:11 +0100
Served asset /application.css - 304 Not Modified (86ms)


Started GET "/assets/custom.css?body=1" for 10.0.2.2 at 2013-04-10 16:25:11 +0100
Served asset /custom.css - 304 Not Modified (53ms)


Started GET "/assets/static_pages.css?body=1" for 10.0.2.2 at 2013-04-10 16:25:12 +0100
Served asset /static_pages.css - 304 Not Modified (52ms)


Started GET "/assets/static_pages.js?body=1" for 10.0.2.2 at 2013-04-10 16:25:12 +0100
Served asset /static_pages.js - 304 Not Modified (22ms)


Started GET "/assets/jquery.js?body=1" for 10.0.2.2 at 2013-04-10 16:25:12 +0100
Served asset /jquery.js - 304 Not Modified (45ms)


Started GET "/assets/jquery_ujs.js?body=1" for 10.0.2.2 at 2013-04-10 16:25:12 +0100
Served asset /jquery_ujs.js - 304 Not Modified (48ms)


Started GET "/assets/application.js?body=1" for 10.0.2.2 at 2013-04-10 16:25:12 +0100
Served asset /application.js - 304 Not Modified (110ms)


Started GET "/assets/rails.png" for 10.0.2.2 at 2013-04-10 16:25:12 +0100
Served asset /rails.png - 304 Not Modified (24ms)


Started GET "/static_pages/home" for 10.0.2.2 at 2013-04-10 16:32:59 +0100
Connecting to database specified by database.yml
Processing by StaticPagesController#home as HTML
  Rendered static_pages/home.html.erb within layouts/application (52.5ms)
Compiled custom.css  (2335ms)  (pid 1518)
Compiled application.css  (7ms)  (pid 1518)
  Rendered layouts/_shim.html.erb (0.8ms)
  Rendered layouts/_header.html.erb (1.5ms)
  Rendered layouts/_footer.html.erb (1.1ms)
Completed 200 OK in 3452ms (Views: 3450.7ms | ActiveRecord: 0.0ms)


Started GET "/assets/jquery.js?body=1" for 10.0.2.2 at 2013-04-10 16:33:04 +0100
Served asset /jquery.js - 304 Not Modified (60ms)


Started GET "/assets/application.css?body=1" for 10.0.2.2 at 2013-04-10 16:33:05 +0100
Served asset /application.css - 304 Not Modified (146ms)


Started GET "/assets/custom.css?body=1" for 10.0.2.2 at 2013-04-10 16:33:05 +0100
Served asset /custom.css - 200 OK (46ms)


Started GET "/assets/static_pages.css?body=1" for 10.0.2.2 at 2013-04-10 16:33:05 +0100
Served asset /static_pages.css - 304 Not Modified (47ms)


Started GET "/assets/static_pages.js?body=1" for 10.0.2.2 at 2013-04-10 16:33:05 +0100
Served asset /static_pages.js - 304 Not Modified (24ms)


Started GET "/assets/jquery_ujs.js?body=1" for 10.0.2.2 at 2013-04-10 16:33:05 +0100
Served asset /jquery_ujs.js - 304 Not Modified (36ms)


Started GET "/assets/application.js?body=1" for 10.0.2.2 at 2013-04-10 16:33:05 +0100
Served asset /application.js - 304 Not Modified (64ms)


Started GET "/assets/rails.png" for 10.0.2.2 at 2013-04-10 16:33:05 +0100
Served asset /rails.png - 304 Not Modified (18ms)


Started GET "/static_pages/home" for 10.0.2.2 at 2013-04-10 17:01:40 +0100
Connecting to database specified by database.yml

ActionController::RoutingError (No route matches [GET] "/static_pages/home"):
  actionpack (3.2.12) lib/action_dispatch/middleware/debug_exceptions.rb:21:in `call'
  actionpack (3.2.12) lib/action_dispatch/middleware/show_exceptions.rb:56:in `call'
  railties (3.2.12) lib/rails/rack/logger.rb:32:in `call_app'
  railties (3.2.12) lib/rails/rack/logger.rb:16:in `block in call'
  activesupport (3.2.12) lib/active_support/tagged_logging.rb:22:in `tagged'
  railties (3.2.12) lib/rails/rack/logger.rb:16:in `call'
  actionpack (3.2.12) lib/action_dispatch/middleware/request_id.rb:22:in `call'
  rack (1.4.5) lib/rack/methodoverride.rb:21:in `call'
  rack (1.4.5) lib/rack/runtime.rb:17:in `call'
  activesupport (3.2.12) lib/active_support/cache/strategy/local_cache.rb:72:in `call'
  rack (1.4.5) lib/rack/lock.rb:15:in `call'
  actionpack (3.2.12) lib/action_dispatch/middleware/static.rb:62:in `call'
  railties (3.2.12) lib/rails/engine.rb:479:in `call'
  railties (3.2.12) lib/rails/application.rb:223:in `call'
  rack (1.4.5) lib/rack/content_length.rb:14:in `call'
  railties (3.2.12) lib/rails/rack/log_tailer.rb:17:in `call'
  rack (1.4.5) lib/rack/handler/webrick.rb:59:in `service'
  /home/alu3875/.rvm/rubies/ruby-1.9.3-p385/lib/ruby/1.9.1/webrick/httpserver.rb:138:in `service'
  /home/alu3875/.rvm/rubies/ruby-1.9.3-p385/lib/ruby/1.9.1/webrick/httpserver.rb:94:in `run'
  /home/alu3875/.rvm/rubies/ruby-1.9.3-p385/lib/ruby/1.9.1/webrick/server.rb:191:in `block in start_thread'


  Rendered /home/alu3875/.rvm/gems/ruby-1.9.3-p385/gems/actionpack-3.2.12/lib/action_dispatch/middleware/templates/rescues/routing_error.erb within rescues/layout (15.9ms)


Started GET "/" for 10.0.2.2 at 2013-04-10 17:01:48 +0100
Processing by StaticPagesController#home as HTML
  Rendered static_pages/home.html.erb within layouts/application (1.2ms)
  Rendered layouts/_shim.html.erb (0.8ms)
  Rendered layouts/_header.html.erb (3.0ms)
  Rendered layouts/_footer.html.erb (2.5ms)
Completed 200 OK in 516ms (Views: 515.4ms | ActiveRecord: 0.0ms)


Started GET "/assets/application.css?body=1" for 10.0.2.2 at 2013-04-10 17:01:49 +0100
Served asset /application.css - 304 Not Modified (75ms)


Started GET "/assets/jquery.js?body=1" for 10.0.2.2 at 2013-04-10 17:01:49 +0100
Served asset /jquery.js - 304 Not Modified (48ms)


Started GET "/assets/jquery_ujs.js?body=1" for 10.0.2.2 at 2013-04-10 17:01:49 +0100
Served asset /jquery_ujs.js - 304 Not Modified (36ms)


Started GET "/assets/static_pages.css?body=1" for 10.0.2.2 at 2013-04-10 17:01:49 +0100
Served asset /static_pages.css - 304 Not Modified (30ms)


Started GET "/assets/static_pages.js?body=1" for 10.0.2.2 at 2013-04-10 17:01:49 +0100
Served asset /static_pages.js - 304 Not Modified (25ms)


Started GET "/assets/custom.css?body=1" for 10.0.2.2 at 2013-04-10 17:01:49 +0100
Served asset /custom.css - 304 Not Modified (45ms)


Started GET "/assets/application.js?body=1" for 10.0.2.2 at 2013-04-10 17:01:49 +0100
Served asset /application.js - 304 Not Modified (110ms)


Started GET "/assets/rails.png" for 10.0.2.2 at 2013-04-10 17:01:50 +0100
Served asset /rails.png - 304 Not Modified (15ms)


Started GET "/about" for 10.0.2.2 at 2013-04-10 17:02:06 +0100
Processing by StaticPagesController#about as HTML
  Rendered static_pages/about.html.erb within layouts/application (2.1ms)
  Rendered layouts/_shim.html.erb (0.1ms)
  Rendered layouts/_header.html.erb (1.2ms)
  Rendered layouts/_footer.html.erb (0.8ms)
Completed 200 OK in 406ms (Views: 403.9ms | ActiveRecord: 0.0ms)


Started GET "/assets/application.css?body=1" for 10.0.2.2 at 2013-04-10 17:02:07 +0100
Served asset /application.css - 304 Not Modified (17ms)


Started GET "/assets/static_pages.js?body=1" for 10.0.2.2 at 2013-04-10 17:02:07 +0100
Served asset /static_pages.js - 304 Not Modified (17ms)


Started GET "/assets/jquery_ujs.js?body=1" for 10.0.2.2 at 2013-04-10 17:02:07 +0100
Served asset /jquery_ujs.js - 304 Not Modified (0ms)


Started GET "/assets/static_pages.css?body=1" for 10.0.2.2 at 2013-04-10 17:02:07 +0100
Served asset /static_pages.css - 304 Not Modified (9ms)


Started GET "/assets/custom.css?body=1" for 10.0.2.2 at 2013-04-10 17:02:07 +0100
Served asset /custom.css - 304 Not Modified (12ms)


Started GET "/assets/jquery.js?body=1" for 10.0.2.2 at 2013-04-10 17:02:07 +0100
Served asset /jquery.js - 304 Not Modified (11ms)


Started GET "/assets/application.js?body=1" for 10.0.2.2 at 2013-04-10 17:02:07 +0100
Served asset /application.js - 304 Not Modified (32ms)


Started GET "/about" for 10.0.2.2 at 2013-04-10 17:04:26 +0100
Processing by StaticPagesController#about as HTML
  Rendered static_pages/about.html.erb within layouts/application (0.3ms)
  Rendered layouts/_shim.html.erb (0.2ms)
  Rendered layouts/_header.html.erb (3.2ms)
  Rendered layouts/_footer.html.erb (3.3ms)
Completed 200 OK in 492ms (Views: 490.3ms | ActiveRecord: 0.0ms)


Started GET "/assets/application.css?body=1" for 10.0.2.2 at 2013-04-10 17:04:27 +0100
Served asset /application.css - 304 Not Modified (54ms)


Started GET "/assets/static_pages.css?body=1" for 10.0.2.2 at 2013-04-10 17:04:27 +0100
Served asset /static_pages.css - 304 Not Modified (16ms)


Started GET "/assets/custom.css?body=1" for 10.0.2.2 at 2013-04-10 17:04:27 +0100
Served asset /custom.css - 304 Not Modified (20ms)


Started GET "/assets/jquery.js?body=1" for 10.0.2.2 at 2013-04-10 17:04:27 +0100
Served asset /jquery.js - 304 Not Modified (2ms)


Started GET "/assets/jquery_ujs.js?body=1" for 10.0.2.2 at 2013-04-10 17:04:27 +0100
Served asset /jquery_ujs.js - 304 Not Modified (3ms)


Started GET "/assets/static_pages.js?body=1" for 10.0.2.2 at 2013-04-10 17:04:27 +0100
Served asset /static_pages.js - 304 Not Modified (9ms)


Started GET "/assets/application.js?body=1" for 10.0.2.2 at 2013-04-10 17:04:27 +0100
Served asset /application.js - 304 Not Modified (16ms)


Started GET "/" for 10.0.2.2 at 2013-04-10 18:05:07 +0100
Connecting to database specified by database.yml
Processing by StaticPagesController#home as HTML
  Rendered static_pages/home.html.erb within layouts/application (61.8ms)
  Rendered layouts/_shim.html.erb (0.1ms)
  Rendered layouts/_header.html.erb (2.5ms)
  Rendered layouts/_footer.html.erb (1.9ms)
Completed 200 OK in 1323ms (Views: 1322.3ms | ActiveRecord: 0.0ms)


Started GET "/assets/jquery.js?body=1" for 10.0.2.2 at 2013-04-10 18:05:11 +0100
Served asset /jquery.js - 304 Not Modified (54ms)


Started GET "/assets/custom.css?body=1" for 10.0.2.2 at 2013-04-10 18:05:11 +0100
Served asset /custom.css - 304 Not Modified (74ms)


Started GET "/assets/static_pages.css?body=1" for 10.0.2.2 at 2013-04-10 18:05:11 +0100
Served asset /static_pages.css - 304 Not Modified (40ms)


Started GET "/assets/application.css?body=1" for 10.0.2.2 at 2013-04-10 18:05:11 +0100
Served asset /application.css - 304 Not Modified (74ms)


Started GET "/assets/static_pages.js?body=1" for 10.0.2.2 at 2013-04-10 18:05:12 +0100
Served asset /static_pages.js - 304 Not Modified (26ms)


Started GET "/assets/jquery_ujs.js?body=1" for 10.0.2.2 at 2013-04-10 18:05:12 +0100
Served asset /jquery_ujs.js - 304 Not Modified (39ms)


Started GET "/assets/application.js?body=1" for 10.0.2.2 at 2013-04-10 18:05:12 +0100
Served asset /application.js - 304 Not Modified (52ms)


Started GET "/assets/rails.png" for 10.0.2.2 at 2013-04-10 18:05:12 +0100
Served asset /rails.png - 304 Not Modified (20ms)


Started GET "/about" for 10.0.2.2 at 2013-04-10 18:05:19 +0100
Processing by StaticPagesController#about as HTML
  Rendered static_pages/about.html.erb within layouts/application (2.1ms)
  Rendered layouts/_shim.html.erb (0.2ms)
  Rendered layouts/_header.html.erb (6.2ms)
  Rendered layouts/_footer.html.erb (2.4ms)
Completed 200 OK in 538ms (Views: 535.6ms | ActiveRecord: 0.0ms)


Started GET "/assets/application.css?body=1" for 10.0.2.2 at 2013-04-10 18:05:19 +0100
Served asset /application.css - 304 Not Modified (18ms)


Started GET "/assets/static_pages.js?body=1" for 10.0.2.2 at 2013-04-10 18:05:20 +0100
Served asset /static_pages.js - 304 Not Modified (15ms)


Started GET "/assets/custom.css?body=1" for 10.0.2.2 at 2013-04-10 18:05:20 +0100
Served asset /custom.css - 304 Not Modified (12ms)


Started GET "/assets/jquery.js?body=1" for 10.0.2.2 at 2013-04-10 18:05:20 +0100
Served asset /jquery.js - 304 Not Modified (2ms)


Started GET "/assets/static_pages.css?body=1" for 10.0.2.2 at 2013-04-10 18:05:20 +0100
Served asset /static_pages.css - 304 Not Modified (9ms)


Started GET "/assets/jquery_ujs.js?body=1" for 10.0.2.2 at 2013-04-10 18:05:20 +0100
Served asset /jquery_ujs.js - 304 Not Modified (3ms)


Started GET "/assets/application.js?body=1" for 10.0.2.2 at 2013-04-10 18:05:20 +0100
Served asset /application.js - 304 Not Modified (14ms)
Connecting to database specified by database.yml


Started GET "/about" for 10.0.2.2 at 2013-04-10 18:25:44 +0100
Connecting to database specified by database.yml
Processing by StaticPagesController#about as HTML
  Rendered static_pages/about.html.erb within layouts/application (16.0ms)
Compiled users.css  (106ms)  (pid 2009)
Compiled application.css  (266ms)  (pid 2009)
Compiled users.js  (871ms)  (pid 2009)
Compiled application.js  (1084ms)  (pid 2009)
  Rendered layouts/_shim.html.erb (1.3ms)
  Rendered layouts/_header.html.erb (4.5ms)
  Rendered layouts/_footer.html.erb (2.9ms)
Completed 200 OK in 2668ms (Views: 2666.4ms | ActiveRecord: 0.0ms)


Started GET "/assets/application.css?body=1" for 10.0.2.2 at 2013-04-10 18:25:49 +0100
Served asset /application.css - 304 Not Modified (209ms)


Started GET "/assets/custom.css?body=1" for 10.0.2.2 at 2013-04-10 18:25:49 +0100
Served asset /custom.css - 304 Not Modified (56ms)


Started GET "/assets/jquery.js?body=1" for 10.0.2.2 at 2013-04-10 18:25:49 +0100
Served asset /jquery.js - 304 Not Modified (66ms)


Started GET "/assets/users.css?body=1" for 10.0.2.2 at 2013-04-10 18:25:49 +0100
Served asset /users.css - 200 OK (29ms)


Started GET "/assets/static_pages.css?body=1" for 10.0.2.2 at 2013-04-10 18:25:49 +0100
Served asset /static_pages.css - 304 Not Modified (42ms)


Started GET "/assets/jquery_ujs.js?body=1" for 10.0.2.2 at 2013-04-10 18:25:49 +0100
Served asset /jquery_ujs.js - 304 Not Modified (41ms)


Started GET "/assets/static_pages.js?body=1" for 10.0.2.2 at 2013-04-10 18:25:50 +0100
Served asset /static_pages.js - 304 Not Modified (39ms)


Started GET "/assets/users.js?body=1" for 10.0.2.2 at 2013-04-10 18:25:50 +0100
Served asset /users.js - 200 OK (19ms)


Started GET "/assets/application.js?body=1" for 10.0.2.2 at 2013-04-10 18:25:50 +0100
Served asset /application.js - 304 Not Modified (74ms)


Started GET "/" for 10.0.2.2 at 2013-04-10 18:25:52 +0100
Processing by StaticPagesController#home as HTML
  Rendered static_pages/home.html.erb within layouts/application (8.5ms)
  Rendered layouts/_shim.html.erb (0.1ms)
  Rendered layouts/_header.html.erb (1.2ms)
  Rendered layouts/_footer.html.erb (0.8ms)
Completed 200 OK in 502ms (Views: 499.9ms | ActiveRecord: 0.0ms)


Started GET "/assets/application.css?body=1" for 10.0.2.2 at 2013-04-10 18:25:53 +0100
Served asset /application.css - 304 Not Modified (44ms)


Started GET "/assets/custom.css?body=1" for 10.0.2.2 at 2013-04-10 18:25:53 +0100
Served asset /custom.css - 304 Not Modified (19ms)


Started GET "/assets/jquery_ujs.js?body=1" for 10.0.2.2 at 2013-04-10 18:25:53 +0100
Served asset /jquery_ujs.js - 304 Not Modified (1ms)


Started GET "/assets/static_pages.css?body=1" for 10.0.2.2 at 2013-04-10 18:25:53 +0100
Served asset /static_pages.css - 304 Not Modified (10ms)


Started GET "/assets/jquery.js?body=1" for 10.0.2.2 at 2013-04-10 18:25:53 +0100
Served asset /jquery.js - 304 Not Modified (4ms)


Started GET "/assets/static_pages.js?body=1" for 10.0.2.2 at 2013-04-10 18:25:54 +0100
Served asset /static_pages.js - 304 Not Modified (15ms)


Started GET "/assets/application.js?body=1" for 10.0.2.2 at 2013-04-10 18:25:54 +0100
Served asset /application.js - 304 Not Modified (17ms)


Started GET "/assets/rails.png" for 10.0.2.2 at 2013-04-10 18:25:54 +0100
Served asset /rails.png - 304 Not Modified (21ms)


Started GET "/signup" for 10.0.2.2 at 2013-04-10 18:26:01 +0100
Processing by UsersController#new as HTML
  Rendered users/new.html.erb within layouts/application (0.7ms)
  Rendered layouts/_shim.html.erb (0.1ms)
  Rendered layouts/_header.html.erb (1.4ms)
  Rendered layouts/_footer.html.erb (0.9ms)
Completed 200 OK in 294ms (Views: 292.9ms | ActiveRecord: 0.0ms)


Started GET "/assets/application.css?body=1" for 10.0.2.2 at 2013-04-10 18:26:02 +0100
Served asset /application.css - 304 Not Modified (82ms)


Started GET "/assets/static_pages.js?body=1" for 10.0.2.2 at 2013-04-10 18:26:02 +0100
Served asset /static_pages.js - 304 Not Modified (12ms)


Started GET "/assets/jquery_ujs.js?body=1" for 10.0.2.2 at 2013-04-10 18:26:02 +0100
Served asset /jquery_ujs.js - 304 Not Modified (1ms)


Started GET "/assets/static_pages.css?body=1" for 10.0.2.2 at 2013-04-10 18:26:02 +0100
Served asset /static_pages.css - 304 Not Modified (11ms)


Started GET "/assets/custom.css?body=1" for 10.0.2.2 at 2013-04-10 18:26:02 +0100
Served asset /custom.css - 304 Not Modified (13ms)


Started GET "/assets/jquery.js?body=1" for 10.0.2.2 at 2013-04-10 18:26:02 +0100
Served asset /jquery.js - 304 Not Modified (14ms)


Started GET "/assets/application.js?body=1" for 10.0.2.2 at 2013-04-10 18:26:02 +0100
Served asset /application.js - 304 Not Modified (12ms)


Started GET "/signup" for 10.0.2.2 at 2013-04-10 18:26:14 +0100
Processing by UsersController#new as HTML
  Rendered users/new.html.erb within layouts/application (0.2ms)
  Rendered layouts/_shim.html.erb (0.1ms)
  Rendered layouts/_header.html.erb (1.3ms)
  Rendered layouts/_footer.html.erb (0.9ms)
Completed 200 OK in 389ms (Views: 388.3ms | ActiveRecord: 0.0ms)


Started GET "/assets/application.css?body=1" for 10.0.2.2 at 2013-04-10 18:26:15 +0100
Served asset /application.css - 304 Not Modified (26ms)


Started GET "/assets/static_pages.css?body=1" for 10.0.2.2 at 2013-04-10 18:26:15 +0100
Served asset /static_pages.css - 304 Not Modified (11ms)


Started GET "/assets/jquery_ujs.js?body=1" for 10.0.2.2 at 2013-04-10 18:26:15 +0100
Served asset /jquery_ujs.js - 304 Not Modified (2ms)


Started GET "/assets/jquery.js?body=1" for 10.0.2.2 at 2013-04-10 18:26:15 +0100
Served asset /jquery.js - 304 Not Modified (3ms)


Started GET "/assets/custom.css?body=1" for 10.0.2.2 at 2013-04-10 18:26:15 +0100
Served asset /custom.css - 304 Not Modified (15ms)


Started GET "/assets/static_pages.js?body=1" for 10.0.2.2 at 2013-04-10 18:26:16 +0100
Served asset /static_pages.js - 304 Not Modified (7ms)


Started GET "/assets/application.js?body=1" for 10.0.2.2 at 2013-04-10 18:26:16 +0100
Served asset /application.js - 304 Not Modified (14ms)


Started GET "/" for 10.0.2.2 at 2013-04-10 18:28:35 +0100
Connecting to database specified by database.yml
Processing by StaticPagesController#home as HTML
  Rendered static_pages/home.html.erb within layouts/application (49.9ms)
  Rendered layouts/_shim.html.erb (0.7ms)
  Rendered layouts/_header.html.erb (2.5ms)
  Rendered layouts/_footer.html.erb (1.9ms)
Completed 200 OK in 661ms (Views: 659.7ms | ActiveRecord: 0.0ms)


Started GET "/assets/users.css?body=1" for 10.0.2.2 at 2013-04-10 18:28:38 +0100
Served asset /users.css - 304 Not Modified (37ms)


Started GET "/assets/application.css?body=1" for 10.0.2.2 at 2013-04-10 18:28:38 +0100
Served asset /application.css - 304 Not Modified (103ms)


Started GET "/assets/static_pages.css?body=1" for 10.0.2.2 at 2013-04-10 18:28:38 +0100
Served asset /static_pages.css - 304 Not Modified (32ms)


Started GET "/assets/custom.css?body=1" for 10.0.2.2 at 2013-04-10 18:28:38 +0100
Served asset /custom.css - 304 Not Modified (71ms)


Started GET "/assets/jquery.js?body=1" for 10.0.2.2 at 2013-04-10 18:28:38 +0100
Served asset /jquery.js - 304 Not Modified (46ms)


Started GET "/assets/jquery_ujs.js?body=1" for 10.0.2.2 at 2013-04-10 18:28:38 +0100
Served asset /jquery_ujs.js - 304 Not Modified (39ms)


Started GET "/assets/static_pages.js?body=1" for 10.0.2.2 at 2013-04-10 18:28:39 +0100
Served asset /static_pages.js - 304 Not Modified (33ms)


Started GET "/assets/users.js?body=1" for 10.0.2.2 at 2013-04-10 18:28:39 +0100
Served asset /users.js - 304 Not Modified (24ms)


Started GET "/assets/application.js?body=1" for 10.0.2.2 at 2013-04-10 18:28:39 +0100
Served asset /application.js - 304 Not Modified (118ms)


Started GET "/assets/rails.png" for 10.0.2.2 at 2013-04-10 18:28:39 +0100
Served asset /rails.png - 304 Not Modified (20ms)


Started GET "/signup" for 10.0.2.2 at 2013-04-10 18:28:43 +0100
Processing by UsersController#new as HTML
  Rendered users/new.html.erb within layouts/application (0.6ms)
  Rendered layouts/_shim.html.erb (0.1ms)
  Rendered layouts/_header.html.erb (1.3ms)
  Rendered layouts/_footer.html.erb (0.9ms)
Completed 200 OK in 309ms (Views: 306.7ms | ActiveRecord: 0.0ms)


Started GET "/assets/application.css?body=1" for 10.0.2.2 at 2013-04-10 18:28:44 +0100
Served asset /application.css - 304 Not Modified (42ms)


Started GET "/assets/custom.css?body=1" for 10.0.2.2 at 2013-04-10 18:28:44 +0100
Served asset /custom.css - 304 Not Modified (14ms)


Started GET "/assets/static_pages.css?body=1" for 10.0.2.2 at 2013-04-10 18:28:44 +0100
Served asset /static_pages.css - 304 Not Modified (23ms)


Started GET "/assets/jquery.js?body=1" for 10.0.2.2 at 2013-04-10 18:28:44 +0100
Served asset /jquery.js - 304 Not Modified (5ms)


Started GET "/assets/users.css?body=1" for 10.0.2.2 at 2013-04-10 18:28:44 +0100
Served asset /users.css - 304 Not Modified (1ms)


Started GET "/assets/jquery_ujs.js?body=1" for 10.0.2.2 at 2013-04-10 18:28:45 +0100
Served asset /jquery_ujs.js - 304 Not Modified (0ms)


Started GET "/assets/static_pages.js?body=1" for 10.0.2.2 at 2013-04-10 18:28:45 +0100
Served asset /static_pages.js - 304 Not Modified (7ms)


Started GET "/assets/users.js?body=1" for 10.0.2.2 at 2013-04-10 18:28:45 +0100
Served asset /users.js - 304 Not Modified (2ms)


Started GET "/assets/application.js?body=1" for 10.0.2.2 at 2013-04-10 18:28:45 +0100
Served asset /application.js - 304 Not Modified (18ms)


Started GET "/" for 10.0.2.2 at 2013-04-10 18:28:50 +0100
Processing by StaticPagesController#home as HTML
  Rendered static_pages/home.html.erb within layouts/application (4.1ms)
  Rendered layouts/_shim.html.erb (0.2ms)
  Rendered layouts/_header.html.erb (2.9ms)
  Rendered layouts/_footer.html.erb (2.2ms)
Completed 200 OK in 572ms (Views: 571.7ms | ActiveRecord: 0.0ms)


Started GET "/assets/static_pages.css?body=1" for 10.0.2.2 at 2013-04-10 18:28:50 +0100
Served asset /static_pages.css - 304 Not Modified (6ms)


Started GET "/assets/custom.css?body=1" for 10.0.2.2 at 2013-04-10 18:28:50 +0100
Served asset /custom.css - 304 Not Modified (15ms)


Started GET "/assets/jquery.js?body=1" for 10.0.2.2 at 2013-04-10 18:28:51 +0100
Served asset /jquery.js - 304 Not Modified (4ms)


Started GET "/assets/users.css?body=1" for 10.0.2.2 at 2013-04-10 18:28:51 +0100
Served asset /users.css - 304 Not Modified (1ms)


Started GET "/assets/application.css?body=1" for 10.0.2.2 at 2013-04-10 18:28:51 +0100
Served asset /application.css - 304 Not Modified (44ms)


Started GET "/assets/jquery_ujs.js?body=1" for 10.0.2.2 at 2013-04-10 18:28:51 +0100
Served asset /jquery_ujs.js - 304 Not Modified (2ms)


Started GET "/assets/static_pages.js?body=1" for 10.0.2.2 at 2013-04-10 18:28:51 +0100
Served asset /static_pages.js - 304 Not Modified (7ms)


Started GET "/assets/application.js?body=1" for 10.0.2.2 at 2013-04-10 18:28:51 +0100
Served asset /application.js - 304 Not Modified (17ms)


Started GET "/assets/users.js?body=1" for 10.0.2.2 at 2013-04-10 18:28:51 +0100
Served asset /users.js - 304 Not Modified (1ms)


Started GET "/assets/rails.png" for 10.0.2.2 at 2013-04-10 18:28:51 +0100
Served asset /rails.png - 304 Not Modified (5ms)


Started GET "/about" for 10.0.2.2 at 2013-04-10 18:28:54 +0100
Processing by StaticPagesController#about as HTML
  Rendered static_pages/about.html.erb within layouts/application (1.9ms)
  Rendered layouts/_shim.html.erb (0.1ms)
  Rendered layouts/_header.html.erb (1.3ms)
  Rendered layouts/_footer.html.erb (0.7ms)
Completed 200 OK in 461ms (Views: 459.1ms | ActiveRecord: 0.0ms)


Started GET "/assets/static_pages.css?body=1" for 10.0.2.2 at 2013-04-10 18:28:55 +0100
Served asset /static_pages.css - 304 Not Modified (21ms)


Started GET "/assets/users.css?body=1" for 10.0.2.2 at 2013-04-10 18:28:55 +0100
Served asset /users.css - 304 Not Modified (1ms)


Started GET "/assets/custom.css?body=1" for 10.0.2.2 at 2013-04-10 18:28:55 +0100
Served asset /custom.css - 304 Not Modified (35ms)


Started GET "/assets/application.css?body=1" for 10.0.2.2 at 2013-04-10 18:28:55 +0100
Served asset /application.css - 304 Not Modified (43ms)


Started GET "/assets/jquery_ujs.js?body=1" for 10.0.2.2 at 2013-04-10 18:28:55 +0100
Served asset /jquery_ujs.js - 304 Not Modified (5ms)


Started GET "/assets/jquery.js?body=1" for 10.0.2.2 at 2013-04-10 18:28:55 +0100
Served asset /jquery.js - 304 Not Modified (5ms)


Started GET "/assets/static_pages.js?body=1" for 10.0.2.2 at 2013-04-10 18:28:55 +0100
Served asset /static_pages.js - 304 Not Modified (14ms)


Started GET "/assets/users.js?body=1" for 10.0.2.2 at 2013-04-10 18:28:55 +0100
Served asset /users.js - 304 Not Modified (1ms)


Started GET "/assets/application.js?body=1" for 10.0.2.2 at 2013-04-10 18:28:55 +0100
Served asset /application.js - 304 Not Modified (18ms)


Started GET "/contact" for 10.0.2.2 at 2013-04-10 18:28:59 +0100
Processing by StaticPagesController#contact as HTML
  Rendered static_pages/contact.html.erb within layouts/application (3.1ms)
  Rendered layouts/_shim.html.erb (0.1ms)
  Rendered layouts/_header.html.erb (1.4ms)
  Rendered layouts/_footer.html.erb (0.8ms)
Completed 200 OK in 424ms (Views: 422.4ms | ActiveRecord: 0.0ms)


Started GET "/assets/users.css?body=1" for 10.0.2.2 at 2013-04-10 18:29:00 +0100
Served asset /users.css - 304 Not Modified (2ms)


Started GET "/assets/static_pages.css?body=1" for 10.0.2.2 at 2013-04-10 18:29:00 +0100
Served asset /static_pages.css - 304 Not Modified (12ms)


Started GET "/assets/jquery.js?body=1" for 10.0.2.2 at 2013-04-10 18:29:00 +0100
Served asset /jquery.js - 304 Not Modified (23ms)


Started GET "/assets/application.css?body=1" for 10.0.2.2 at 2013-04-10 18:29:00 +0100
Served asset /application.css - 304 Not Modified (47ms)


Started GET "/assets/jquery_ujs.js?body=1" for 10.0.2.2 at 2013-04-10 18:29:00 +0100
Served asset /jquery_ujs.js - 304 Not Modified (0ms)


Started GET "/assets/custom.css?body=1" for 10.0.2.2 at 2013-04-10 18:29:00 +0100
Served asset /custom.css - 304 Not Modified (13ms)


Started GET "/assets/static_pages.js?body=1" for 10.0.2.2 at 2013-04-10 18:29:00 +0100
Served asset /static_pages.js - 304 Not Modified (9ms)


Started GET "/assets/users.js?body=1" for 10.0.2.2 at 2013-04-10 18:29:00 +0100
Served asset /users.js - 304 Not Modified (2ms)


Started GET "/assets/application.js?body=1" for 10.0.2.2 at 2013-04-10 18:29:01 +0100
Served asset /application.js - 304 Not Modified (17ms)
Connecting to database specified by database.yml
  [1m[36m (0.2ms)[0m  [1mselect sqlite_version(*)[0m
  [1m[35m (12.5ms)[0m  CREATE TABLE "schema_migrations" ("version" varchar(255) NOT NULL) 
  [1m[36m (14.0ms)[0m  [1mCREATE UNIQUE INDEX "unique_schema_migrations" ON "schema_migrations" ("version")[0m
  [1m[35m (21.5ms)[0m  SELECT "schema_migrations"."version" FROM "schema_migrations" 
Connecting to database specified by database.yml
  [1m[36m (21.8ms)[0m  [1mSELECT "schema_migrations"."version" FROM "schema_migrations" [0m
